<?xml version="1.0" encoding="UTF-8"?>
<testsuites name="Run all test cases" time="594.342" tests="18" failures="8" errors="0">
   <testsuite name="Run all test cases" tests="18" failures="8" errors="0" time="594.342" timestamp="2020-06-05 22:21:27" hostname="tuyenle - 192.168.11.210" id="Test Suites/Run all test cases">
      <properties>
[...]
</properties>
      <testcase name="Test Cases/write direct message" time="28.06" classname="Test Cases/write direct message" status="PASSED">
         <system-out><![CDATA[2020-06-05 22:21:27 - [TEST_CASE][PASSED] - Test Cases/write direct message: Test Cases/write direct message

2020-06-05 22:21:28 - [TEST_STEP][PASSED] - openBrowser(""): Browser is opened with url: ''

2020-06-05 22:21:29 - [MESSAGE][INFO] - Starting 'Chrome' driver

2020-06-05 22:21:29 - [MESSAGE][INFO] - Action delay is set to 0 milliseconds

2020-06-05 22:21:33 - [MESSAGE][PASSED] - Browser is opened with url: ''

2020-06-05 22:21:33 - [TEST_STEP][PASSED] - navigateToUrl("http://localhost:8065/"): Navigate to 'http://localhost:8065/' successfully

2020-06-05 22:21:37 - [MESSAGE][PASSED] - Navigate to 'http://localhost:8065/' successfully

2020-06-05 22:21:37 - [TEST_STEP][PASSED] - setText(findTestObject("Page_Mattermost/input_All team communication in one place s_703ef5"), "sysadmin"): Text 'sysadmin' is set on object 'Object Repository/Page_Mattermost/input_All team communication in one place s_703ef5'

2020-06-05 22:21:39 - [MESSAGE][PASSED] - Text 'sysadmin' is set on object 'Object Repository/Page_Mattermost/input_All team communication in one place s_703ef5'

2020-06-05 22:21:39 - [TEST_STEP][PASSED] - setEncryptedText(findTestObject("Page_Mattermost/input_All team communication in one place s_2f2733"), "2SwE/drL9BoSDSAWnt1s8EiQe9rbSfQc"): Text ****** has been set on object 'Object Repository/Page_Mattermost/input_All team communication in one place s_2f2733'

2020-06-05 22:21:40 - [MESSAGE][PASSED] - Text ****** has been set on object 'Object Repository/Page_Mattermost/input_All team communication in one place s_2f2733'

2020-06-05 22:21:40 - [TEST_STEP][PASSED] - click(findTestObject("Page_Mattermost/button_Sign in")): Object: 'Object Repository/Page_Mattermost/button_Sign in' is clicked on

2020-06-05 22:21:40 - [MESSAGE][PASSED] - Object: 'Object Repository/Page_Mattermost/button_Sign in' is clicked on

2020-06-05 22:21:40 - [TEST_STEP][PASSED] - click(findTestObject("Page_ Town Square - eligendi Mattermost/span_")): Object: 'Object Repository/Page_ Town Square - eligendi Mattermost/span_' is clicked on

2020-06-05 22:21:46 - [MESSAGE][PASSED] - Object: 'Object Repository/Page_ Town Square - eligendi Mattermost/span_' is clicked on

2020-06-05 22:21:46 - [TEST_STEP][PASSED] - click(findTestObject("Object Repository/Page_ Town Square - eligendi Mattermost/div_aaronmedina - Aaron Medina (Centidel) -_262370")): Object: 'Object Repository/Page_ Town Square - eligendi Mattermost/div_aaronmedina - Aaron Medina (Centidel) -_262370' is clicked on

2020-06-05 22:21:48 - [MESSAGE][PASSED] - Object: 'Object Repository/Page_ Town Square - eligendi Mattermost/div_aaronmedina - Aaron Medina (Centidel) -_262370' is clicked on

2020-06-05 22:21:48 - [TEST_STEP][PASSED] - click(findTestObject("Object Repository/Page_ Town Square - eligendi Mattermost/button_Go")): Object: 'Object Repository/Page_ Town Square - eligendi Mattermost/button_Go' is clicked on

2020-06-05 22:21:49 - [MESSAGE][PASSED] - Object: 'Object Repository/Page_ Town Square - eligendi Mattermost/button_Go' is clicked on

2020-06-05 22:21:49 - [TEST_STEP][PASSED] - setText(findTestObject("Page_ aaronmedina - eligendi Mattermost/textarea_Write to aaronmedina_post_textbox"), "hi aaron."): Text 'hi aaron.' is set on object 'Object Repository/Page_ aaronmedina - eligendi Mattermost/textarea_Write to aaronmedina_post_textbox'

2020-06-05 22:21:51 - [MESSAGE][PASSED] - Text 'hi aaron.' is set on object 'Object Repository/Page_ aaronmedina - eligendi Mattermost/textarea_Write to aaronmedina_post_textbox'

2020-06-05 22:21:51 - [TEST_STEP][PASSED] - sendKeys(findTestObject("Page_ Town Square - eligendi Mattermost/textarea_Write to Town Square_post_textbox"), Keys.chord(ENTER)): Keys 'ENTER + ' sent to object: 'Object Repository/Page_ Town Square - eligendi Mattermost/textarea_Write to Town Square_post_textbox'

2020-06-05 22:21:52 - [MESSAGE][PASSED] - Keys 'ENTER + ' sent to object: 'Object Repository/Page_ Town Square - eligendi Mattermost/textarea_Write to Town Square_post_textbox'

2020-06-05 22:21:52 - [TEST_STEP][PASSED] - setText(findTestObject("Page_ aaronmedina - eligendi Mattermost/textarea_Write to aaronmedina_post_textbox"), "nice to meet you"): Text 'nice to meet you' is set on object 'Object Repository/Page_ aaronmedina - eligendi Mattermost/textarea_Write to aaronmedina_post_textbox'

2020-06-05 22:21:54 - [MESSAGE][PASSED] - Text 'nice to meet you' is set on object 'Object Repository/Page_ aaronmedina - eligendi Mattermost/textarea_Write to aaronmedina_post_textbox'

2020-06-05 22:21:54 - [TEST_STEP][PASSED] - sendKeys(findTestObject("Page_ Town Square - eligendi Mattermost/textarea_Write to Town Square_post_textbox"), Keys.chord(ENTER)): Keys 'ENTER + ' sent to object: 'Object Repository/Page_ Town Square - eligendi Mattermost/textarea_Write to Town Square_post_textbox'

2020-06-05 22:21:55 - [MESSAGE][PASSED] - Keys 'ENTER + ' sent to object: 'Object Repository/Page_ Town Square - eligendi Mattermost/textarea_Write to Town Square_post_textbox'

2020-06-05 22:21:55 - [TEST_STEP][PASSED] - closeBrowser(): Browser is closed

2020-06-05 22:21:55 - [MESSAGE][PASSED] - Browser is closed]]></system-out>
         <system-err><![CDATA[]]></system-err>
      </testcase>
      <testcase name="Test Cases/create new team" time="14.911" classname="Test Cases/create new team" status="PASSED">
         <system-out><![CDATA[2020-06-05 22:21:55 - [TEST_CASE][PASSED] - Test Cases/create new team: Test Cases/create new team

2020-06-05 22:21:56 - [TEST_STEP][PASSED] - openBrowser(""): Browser is opened with url: ''

2020-06-05 22:21:56 - [MESSAGE][INFO] - Starting 'Chrome' driver

2020-06-05 22:21:56 - [MESSAGE][INFO] - Action delay is set to 0 milliseconds

2020-06-05 22:21:58 - [MESSAGE][PASSED] - Browser is opened with url: ''

2020-06-05 22:21:58 - [TEST_STEP][PASSED] - navigateToUrl("http://localhost:8065/"): Navigate to 'http://localhost:8065/' successfully

2020-06-05 22:22:00 - [MESSAGE][PASSED] - Navigate to 'http://localhost:8065/' successfully

2020-06-05 22:22:00 - [TEST_STEP][PASSED] - setText(findTestObject("Page_Mattermost/input_All team communication in one place s_703ef5"), "sysadmin"): Text 'sysadmin' is set on object 'Object Repository/Page_Mattermost/input_All team communication in one place s_703ef5'

2020-06-05 22:22:02 - [MESSAGE][PASSED] - Text 'sysadmin' is set on object 'Object Repository/Page_Mattermost/input_All team communication in one place s_703ef5'

2020-06-05 22:22:02 - [TEST_STEP][PASSED] - setEncryptedText(findTestObject("Page_Mattermost/input_All team communication in one place s_2f2733"), "2SwE/drL9BoSDSAWnt1s8EiQe9rbSfQc"): Text ****** has been set on object 'Object Repository/Page_Mattermost/input_All team communication in one place s_2f2733'

2020-06-05 22:22:03 - [MESSAGE][PASSED] - Text ****** has been set on object 'Object Repository/Page_Mattermost/input_All team communication in one place s_2f2733'

2020-06-05 22:22:03 - [TEST_STEP][PASSED] - click(findTestObject("Page_Mattermost/button_Sign in")): Object: 'Object Repository/Page_Mattermost/button_Sign in' is clicked on

2020-06-05 22:22:04 - [MESSAGE][PASSED] - Object: 'Object Repository/Page_Mattermost/button_Sign in' is clicked on

2020-06-05 22:22:04 - [TEST_STEP][PASSED] - click(findTestObject("Object Repository/Page_ Town Square - eligendi Mattermost/div_")): Object: 'Object Repository/Page_ Town Square - eligendi Mattermost/div_' is clicked on

2020-06-05 22:22:08 - [MESSAGE][PASSED] - Object: 'Object Repository/Page_ Town Square - eligendi Mattermost/div_' is clicked on

2020-06-05 22:22:08 - [TEST_STEP][PASSED] - setText(findTestObject("Object Repository/Page_ Town Square - eligendi Mattermost/input_Team Name_teamNameInput"), "test new team"): Text 'test new team' is set on object 'Object Repository/Page_ Town Square - eligendi Mattermost/input_Team Name_teamNameInput'

2020-06-05 22:22:09 - [MESSAGE][PASSED] - Text 'test new team' is set on object 'Object Repository/Page_ Town Square - eligendi Mattermost/input_Team Name_teamNameInput'

2020-06-05 22:22:09 - [TEST_STEP][PASSED] - click(findTestObject("Object Repository/Page_ Town Square - eligendi Mattermost/button_Next")): Object: 'Object Repository/Page_ Town Square - eligendi Mattermost/button_Next' is clicked on

2020-06-05 22:22:09 - [MESSAGE][PASSED] - Object: 'Object Repository/Page_ Town Square - eligendi Mattermost/button_Next' is clicked on

2020-06-05 22:22:09 - [TEST_STEP][PASSED] - click(findTestObject("Object Repository/Page_ Town Square - eligendi Mattermost/button_Finish")): Object: 'Object Repository/Page_ Town Square - eligendi Mattermost/button_Finish' is clicked on

2020-06-05 22:22:10 - [MESSAGE][PASSED] - Object: 'Object Repository/Page_ Town Square - eligendi Mattermost/button_Finish' is clicked on

2020-06-05 22:22:10 - [TEST_STEP][PASSED] - closeBrowser(): Browser is closed

2020-06-05 22:22:10 - [MESSAGE][PASSED] - Browser is closed]]></system-out>
         <system-err><![CDATA[]]></system-err>
      </testcase>
      <testcase name="Test Cases/open messaging help page" time="17.054" classname="Test Cases/open messaging help page" status="PASSED">
         <system-out><![CDATA[2020-06-05 22:22:10 - [TEST_CASE][PASSED] - Test Cases/open messaging help page: Test Cases/open messaging help page

2020-06-05 22:22:10 - [TEST_STEP][PASSED] - openBrowser(""): Browser is opened with url: ''

2020-06-05 22:22:10 - [MESSAGE][INFO] - Starting 'Chrome' driver

2020-06-05 22:22:10 - [MESSAGE][INFO] - Action delay is set to 0 milliseconds

2020-06-05 22:22:13 - [MESSAGE][PASSED] - Browser is opened with url: ''

2020-06-05 22:22:13 - [TEST_STEP][PASSED] - navigateToUrl("http://localhost:8065/"): Navigate to 'http://localhost:8065/' successfully

2020-06-05 22:22:15 - [MESSAGE][PASSED] - Navigate to 'http://localhost:8065/' successfully

2020-06-05 22:22:15 - [TEST_STEP][PASSED] - setText(findTestObject("Page_Mattermost/input_All team communication in one place s_703ef5"), "sysadmin"): Text 'sysadmin' is set on object 'Object Repository/Page_Mattermost/input_All team communication in one place s_703ef5'

2020-06-05 22:22:17 - [MESSAGE][PASSED] - Text 'sysadmin' is set on object 'Object Repository/Page_Mattermost/input_All team communication in one place s_703ef5'

2020-06-05 22:22:17 - [TEST_STEP][PASSED] - setEncryptedText(findTestObject("Page_Mattermost/input_All team communication in one place s_2f2733"), "2SwE/drL9BoSDSAWnt1s8EiQe9rbSfQc"): Text ****** has been set on object 'Object Repository/Page_Mattermost/input_All team communication in one place s_2f2733'

2020-06-05 22:22:18 - [MESSAGE][PASSED] - Text ****** has been set on object 'Object Repository/Page_Mattermost/input_All team communication in one place s_2f2733'

2020-06-05 22:22:18 - [TEST_STEP][PASSED] - sendKeys(findTestObject("Page_Mattermost/input_All team communication in one place s_2f2733"), Keys.chord(ENTER)): Keys 'ENTER + ' sent to object: 'Object Repository/Page_Mattermost/input_All team communication in one place s_2f2733'

2020-06-05 22:22:18 - [MESSAGE][PASSED] - Keys 'ENTER + ' sent to object: 'Object Repository/Page_Mattermost/input_All team communication in one place s_2f2733'

2020-06-05 22:22:18 - [TEST_STEP][PASSED] - click(findTestObject("Object Repository/Page_ Town Square remane - eligendi Mattermost/span_Help")): Object: 'Object Repository/Page_ Town Square remane - eligendi Mattermost/span_Help' is clicked on

2020-06-05 22:22:24 - [MESSAGE][PASSED] - Object: 'Object Repository/Page_ Town Square remane - eligendi Mattermost/span_Help' is clicked on

2020-06-05 22:22:24 - [TEST_STEP][PASSED] - switchToWindowTitle("Mattermost"): Switched to window with title: 'Mattermost'

2020-06-05 22:22:25 - [MESSAGE][PASSED] - Switched to window with title: 'Mattermost'

2020-06-05 22:22:25 - [TEST_STEP][PASSED] - click(findTestObject("Object Repository/Page_Mattermost/span_Write messages using the text input bo_69ff14")): Object: 'Object Repository/Page_Mattermost/span_Write messages using the text input bo_69ff14' is clicked on

2020-06-05 22:22:27 - [MESSAGE][PASSED] - Object: 'Object Repository/Page_Mattermost/span_Write messages using the text input bo_69ff14' is clicked on

2020-06-05 22:22:27 - [TEST_STEP][PASSED] - closeBrowser(): Browser is closed

2020-06-05 22:22:27 - [MESSAGE][PASSED] - Browser is closed]]></system-out>
         <system-err><![CDATA[]]></system-err>
      </testcase>
      <testcase name="Test Cases/edit message" time="57.213" classname="Test Cases/edit message" status="FAILED">
         <failure type="FAILED" message="Test Cases/edit message FAILED.
Reason:
com.kms.katalon.core.exception.StepFailedException: Unable to click on object 'Object Repository/Page_ Town Square remane - eligendi Mattermost/span_sysadmin_icon icon--small'
	at com.kms.katalon.core.webui.keyword.internal.WebUIKeywordMain.stepFailed(WebUIKeywordMain.groovy:64)
	at com.kms.katalon.core.webui.keyword.internal.WebUIKeywordMain.runKeyword(WebUIKeywordMain.groovy:26)
	at com.kms.katalon.core.webui.keyword.builtin.ClickKeyword.click(ClickKeyword.groovy:76)
	at com.kms.katalon.core.webui.keyword.builtin.ClickKeyword.execute(ClickKeyword.groovy:43)
	at com.kms.katalon.core.keyword.internal.KeywordExecutor.executeKeywordForPlatform(KeywordExecutor.groovy:72)
	at com.kms.katalon.core.webui.keyword.WebUiBuiltInKeywords.click(WebUiBuiltInKeywords.groovy:616)
	at com.kms.katalon.core.webui.keyword.WebUiBuiltInKeywords$click$3.call(Unknown Source)
	at edit message.run(edit message:29)
	at com.kms.katalon.core.main.ScriptEngine.run(ScriptEngine.java:194)
	at com.kms.katalon.core.main.ScriptEngine.runScriptAsRawText(ScriptEngine.java:119)
	at com.kms.katalon.core.main.TestCaseExecutor.runScript(TestCaseExecutor.java:337)
	at com.kms.katalon.core.main.TestCaseExecutor.doExecute(TestCaseExecutor.java:328)
	at com.kms.katalon.core.main.TestCaseExecutor.processExecutionPhase(TestCaseExecutor.java:307)
	at com.kms.katalon.core.main.TestCaseExecutor.accessMainPhase(TestCaseExecutor.java:299)
	at com.kms.katalon.core.main.TestCaseExecutor.execute(TestCaseExecutor.java:233)
	at com.kms.katalon.core.main.TestSuiteExecutor.accessTestCaseMainPhase(TestSuiteExecutor.java:169)
	at com.kms.katalon.core.main.TestSuiteExecutor.accessTestSuiteMainPhase(TestSuiteExecutor.java:142)
	at com.kms.katalon.core.main.TestSuiteExecutor.execute(TestSuiteExecutor.java:91)
	at com.kms.katalon.core.main.TestCaseMain.startTestSuite(TestCaseMain.java:157)
	at com.kms.katalon.core.main.TestCaseMain$startTestSuite$0.call(Unknown Source)
	at TempTestSuite1591370481169.run(TempTestSuite1591370481169.groovy:37)
Caused by: com.kms.katalon.core.webui.exception.WebElementNotFoundException: Web element with id: 'Object Repository/Page_ Town Square remane - eligendi Mattermost/span_sysadmin_icon icon--small' located by 'By.xpath: //button[@id='CENTER_button_baxjegnar3fzi8j8a3ugqzn68e']/span' not found
	at com.kms.katalon.core.webui.common.WebUiCommonHelper.findWebElement(WebUiCommonHelper.java:1154)
	at com.kms.katalon.core.webui.keyword.internal.WebUIAbstractKeyword.findWebElement(WebUIAbstractKeyword.groovy:27)
	at com.kms.katalon.core.webui.keyword.internal.WebUIAbstractKeyword.findWebElement(WebUIAbstractKeyword.groovy:26)
	at com.kms.katalon.core.webui.keyword.builtin.ClickKeyword$_click_closure1.doCall(ClickKeyword.groovy:67)
	at com.kms.katalon.core.webui.keyword.builtin.ClickKeyword$_click_closure1.call(ClickKeyword.groovy)
	at com.kms.katalon.core.webui.keyword.internal.WebUIKeywordMain.runKeyword(WebUIKeywordMain.groovy:20)
	... 19 more
"/>
         <system-out><![CDATA[2020-06-05 22:22:27 - [TEST_CASE][FAILED] - Test Cases/edit message: Test Cases/edit message FAILED.
Reason:
com.kms.katalon.core.exception.StepFailedException: Unable to click on object 'Object Repository/Page_ Town Square remane - eligendi Mattermost/span_sysadmin_icon icon--small'
	at com.kms.katalon.core.webui.keyword.internal.WebUIKeywordMain.stepFailed(WebUIKeywordMain.groovy:64)
	at com.kms.katalon.core.webui.keyword.internal.WebUIKeywordMain.runKeyword(WebUIKeywordMain.groovy:26)
	at com.kms.katalon.core.webui.keyword.builtin.ClickKeyword.click(ClickKeyword.groovy:76)
	at com.kms.katalon.core.webui.keyword.builtin.ClickKeyword.execute(ClickKeyword.groovy:43)
	at com.kms.katalon.core.keyword.internal.KeywordExecutor.executeKeywordForPlatform(KeywordExecutor.groovy:72)
	at com.kms.katalon.core.webui.keyword.WebUiBuiltInKeywords.click(WebUiBuiltInKeywords.groovy:616)
	at com.kms.katalon.core.webui.keyword.WebUiBuiltInKeywords$click$3.call(Unknown Source)
	at edit message.run(edit message:29)
	at com.kms.katalon.core.main.ScriptEngine.run(ScriptEngine.java:194)
	at com.kms.katalon.core.main.ScriptEngine.runScriptAsRawText(ScriptEngine.java:119)
	at com.kms.katalon.core.main.TestCaseExecutor.runScript(TestCaseExecutor.java:337)
	at com.kms.katalon.core.main.TestCaseExecutor.doExecute(TestCaseExecutor.java:328)
	at com.kms.katalon.core.main.TestCaseExecutor.processExecutionPhase(TestCaseExecutor.java:307)
	at com.kms.katalon.core.main.TestCaseExecutor.accessMainPhase(TestCaseExecutor.java:299)
	at com.kms.katalon.core.main.TestCaseExecutor.execute(TestCaseExecutor.java:233)
	at com.kms.katalon.core.main.TestSuiteExecutor.accessTestCaseMainPhase(TestSuiteExecutor.java:169)
	at com.kms.katalon.core.main.TestSuiteExecutor.accessTestSuiteMainPhase(TestSuiteExecutor.java:142)
	at com.kms.katalon.core.main.TestSuiteExecutor.execute(TestSuiteExecutor.java:91)
	at com.kms.katalon.core.main.TestCaseMain.startTestSuite(TestCaseMain.java:157)
	at com.kms.katalon.core.main.TestCaseMain$startTestSuite$0.call(Unknown Source)
	at TempTestSuite1591370481169.run(TempTestSuite1591370481169.groovy:37)
Caused by: com.kms.katalon.core.webui.exception.WebElementNotFoundException: Web element with id: 'Object Repository/Page_ Town Square remane - eligendi Mattermost/span_sysadmin_icon icon--small' located by 'By.xpath: //button[@id='CENTER_button_baxjegnar3fzi8j8a3ugqzn68e']/span' not found
	at com.kms.katalon.core.webui.common.WebUiCommonHelper.findWebElement(WebUiCommonHelper.java:1154)
	at com.kms.katalon.core.webui.keyword.internal.WebUIAbstractKeyword.findWebElement(WebUIAbstractKeyword.groovy:27)
	at com.kms.katalon.core.webui.keyword.internal.WebUIAbstractKeyword.findWebElement(WebUIAbstractKeyword.groovy:26)
	at com.kms.katalon.core.webui.keyword.builtin.ClickKeyword$_click_closure1.doCall(ClickKeyword.groovy:67)
	at com.kms.katalon.core.webui.keyword.builtin.ClickKeyword$_click_closure1.call(ClickKeyword.groovy)
	at com.kms.katalon.core.webui.keyword.internal.WebUIKeywordMain.runKeyword(WebUIKeywordMain.groovy:20)
	... 19 more


2020-06-05 22:22:28 - [TEST_STEP][PASSED] - openBrowser(""): Browser is opened with url: ''

2020-06-05 22:22:28 - [MESSAGE][INFO] - Starting 'Chrome' driver

2020-06-05 22:22:28 - [MESSAGE][INFO] - Action delay is set to 0 milliseconds

2020-06-05 22:22:30 - [MESSAGE][PASSED] - Browser is opened with url: ''

2020-06-05 22:22:30 - [TEST_STEP][PASSED] - navigateToUrl("http://localhost:8065/"): Navigate to 'http://localhost:8065/' successfully

2020-06-05 22:22:33 - [MESSAGE][PASSED] - Navigate to 'http://localhost:8065/' successfully

2020-06-05 22:22:33 - [TEST_STEP][PASSED] - setText(findTestObject("Page_Mattermost/input_All team communication in one place s_703ef5"), "sysadmin"): Text 'sysadmin' is set on object 'Object Repository/Page_Mattermost/input_All team communication in one place s_703ef5'

2020-06-05 22:22:35 - [MESSAGE][PASSED] - Text 'sysadmin' is set on object 'Object Repository/Page_Mattermost/input_All team communication in one place s_703ef5'

2020-06-05 22:22:35 - [TEST_STEP][PASSED] - setEncryptedText(findTestObject("Page_Mattermost/input_All team communication in one place s_2f2733"), "2SwE/drL9BoSDSAWnt1s8EiQe9rbSfQc"): Text ****** has been set on object 'Object Repository/Page_Mattermost/input_All team communication in one place s_2f2733'

2020-06-05 22:22:36 - [MESSAGE][PASSED] - Text ****** has been set on object 'Object Repository/Page_Mattermost/input_All team communication in one place s_2f2733'

2020-06-05 22:22:36 - [TEST_STEP][PASSED] - click(findTestObject("Page_Mattermost/button_Sign in")): Object: 'Object Repository/Page_Mattermost/button_Sign in' is clicked on

2020-06-05 22:22:36 - [MESSAGE][PASSED] - Object: 'Object Repository/Page_Mattermost/button_Sign in' is clicked on

2020-06-05 22:22:36 - [TEST_STEP][FAILED] - click(findTestObject("Object Repository/Page_ Town Square remane - eligendi Mattermost/span_sysadmin_icon icon--small")): Unable to click on object 'Object Repository/Page_ Town Square remane - eligendi Mattermost/span_sysadmin_icon icon--small' (Root cause: com.kms.katalon.core.exception.StepFailedException: Unable to click on object 'Object Repository/Page_ Town Square remane - eligendi Mattermost/span_sysadmin_icon icon--small'
	at com.kms.katalon.core.webui.keyword.internal.WebUIKeywordMain.stepFailed(WebUIKeywordMain.groovy:64)
	at com.kms.katalon.core.webui.keyword.internal.WebUIKeywordMain.runKeyword(WebUIKeywordMain.groovy:26)
	at com.kms.katalon.core.webui.keyword.builtin.ClickKeyword.click(ClickKeyword.groovy:76)
	at com.kms.katalon.core.webui.keyword.builtin.ClickKeyword.execute(ClickKeyword.groovy:43)
	at com.kms.katalon.core.keyword.internal.KeywordExecutor.executeKeywordForPlatform(KeywordExecutor.groovy:72)
	at com.kms.katalon.core.webui.keyword.WebUiBuiltInKeywords.click(WebUiBuiltInKeywords.groovy:616)
	at com.kms.katalon.core.webui.keyword.WebUiBuiltInKeywords$click$3.call(Unknown Source)
	at edit message.run(edit message:29)
	at com.kms.katalon.core.main.ScriptEngine.run(ScriptEngine.java:194)
	at com.kms.katalon.core.main.ScriptEngine.runScriptAsRawText(ScriptEngine.java:119)
	at com.kms.katalon.core.main.TestCaseExecutor.runScript(TestCaseExecutor.java:337)
	at com.kms.katalon.core.main.TestCaseExecutor.doExecute(TestCaseExecutor.java:328)
	at com.kms.katalon.core.main.TestCaseExecutor.processExecutionPhase(TestCaseExecutor.java:307)
	at com.kms.katalon.core.main.TestCaseExecutor.accessMainPhase(TestCaseExecutor.java:299)
	at com.kms.katalon.core.main.TestCaseExecutor.execute(TestCaseExecutor.java:233)
	at com.kms.katalon.core.main.TestSuiteExecutor.accessTestCaseMainPhase(TestSuiteExecutor.java:169)
	at com.kms.katalon.core.main.TestSuiteExecutor.accessTestSuiteMainPhase(TestSuiteExecutor.java:142)
	at com.kms.katalon.core.main.TestSuiteExecutor.execute(TestSuiteExecutor.java:91)
	at com.kms.katalon.core.main.TestCaseMain.startTestSuite(TestCaseMain.java:157)
	at com.kms.katalon.core.main.TestCaseMain$startTestSuite$0.call(Unknown Source)
	at TempTestSuite1591370481169.run(TempTestSuite1591370481169.groovy:37)
Caused by: com.kms.katalon.core.webui.exception.WebElementNotFoundException: Web element with id: 'Object Repository/Page_ Town Square remane - eligendi Mattermost/span_sysadmin_icon icon--small' located by 'By.xpath: //button[@id='CENTER_button_baxjegnar3fzi8j8a3ugqzn68e']/span' not found
	at com.kms.katalon.core.webui.common.WebUiCommonHelper.findWebElement(WebUiCommonHelper.java:1154)
	at com.kms.katalon.core.webui.keyword.internal.WebUIAbstractKeyword.findWebElement(WebUIAbstractKeyword.groovy:27)
	at com.kms.katalon.core.webui.keyword.internal.WebUIAbstractKeyword.findWebElement(WebUIAbstractKeyword.groovy:26)
	at com.kms.katalon.core.webui.keyword.builtin.ClickKeyword$_click_closure1.doCall(ClickKeyword.groovy:67)
	at com.kms.katalon.core.webui.keyword.builtin.ClickKeyword$_click_closure1.call(ClickKeyword.groovy)
	at com.kms.katalon.core.webui.keyword.internal.WebUIKeywordMain.runKeyword(WebUIKeywordMain.groovy:20)
	at com.kms.katalon.core.webui.keyword.builtin.ClickKeyword.click(ClickKeyword.groovy:76)
	at com.kms.katalon.core.webui.keyword.builtin.ClickKeyword.execute(ClickKeyword.groovy:43)
	at com.kms.katalon.core.keyword.internal.KeywordExecutor.executeKeywordForPlatform(KeywordExecutor.groovy:72)
	at com.kms.katalon.core.webui.keyword.WebUiBuiltInKeywords.click(WebUiBuiltInKeywords.groovy:616)
	at com.kms.katalon.core.webui.keyword.WebUiBuiltInKeywords$click$3.call(Unknown Source)
	at Script1591346204579.run(Script1591346204579.groovy:29)
	... 13 more
)

2020-06-05 22:23:24 - [MESSAGE][INFO] - Unable to find the element located by 'By.xpath: //button[@id='CENTER_button_baxjegnar3fzi8j8a3ugqzn68e']/span'. Please recheck the objects properties to make sure the desired element is located. 

2020-06-05 22:23:24 - [MESSAGE][FAILED] - Unable to click on object 'Object Repository/Page_ Town Square remane - eligendi Mattermost/span_sysadmin_icon icon--small' (Root cause: com.kms.katalon.core.exception.StepFailedException: Unable to click on object 'Object Repository/Page_ Town Square remane - eligendi Mattermost/span_sysadmin_icon icon--small'
	at com.kms.katalon.core.webui.keyword.internal.WebUIKeywordMain.stepFailed(WebUIKeywordMain.groovy:64)
	at com.kms.katalon.core.webui.keyword.internal.WebUIKeywordMain.runKeyword(WebUIKeywordMain.groovy:26)
	at com.kms.katalon.core.webui.keyword.builtin.ClickKeyword.click(ClickKeyword.groovy:76)
	at com.kms.katalon.core.webui.keyword.builtin.ClickKeyword.execute(ClickKeyword.groovy:43)
	at com.kms.katalon.core.keyword.internal.KeywordExecutor.executeKeywordForPlatform(KeywordExecutor.groovy:72)
	at com.kms.katalon.core.webui.keyword.WebUiBuiltInKeywords.click(WebUiBuiltInKeywords.groovy:616)
	at com.kms.katalon.core.webui.keyword.WebUiBuiltInKeywords$click$3.call(Unknown Source)
	at edit message.run(edit message:29)
	at com.kms.katalon.core.main.ScriptEngine.run(ScriptEngine.java:194)
	at com.kms.katalon.core.main.ScriptEngine.runScriptAsRawText(ScriptEngine.java:119)
	at com.kms.katalon.core.main.TestCaseExecutor.runScript(TestCaseExecutor.java:337)
	at com.kms.katalon.core.main.TestCaseExecutor.doExecute(TestCaseExecutor.java:328)
	at com.kms.katalon.core.main.TestCaseExecutor.processExecutionPhase(TestCaseExecutor.java:307)
	at com.kms.katalon.core.main.TestCaseExecutor.accessMainPhase(TestCaseExecutor.java:299)
	at com.kms.katalon.core.main.TestCaseExecutor.execute(TestCaseExecutor.java:233)
	at com.kms.katalon.core.main.TestSuiteExecutor.accessTestCaseMainPhase(TestSuiteExecutor.java:169)
	at com.kms.katalon.core.main.TestSuiteExecutor.accessTestSuiteMainPhase(TestSuiteExecutor.java:142)
	at com.kms.katalon.core.main.TestSuiteExecutor.execute(TestSuiteExecutor.java:91)
	at com.kms.katalon.core.main.TestCaseMain.startTestSuite(TestCaseMain.java:157)
	at com.kms.katalon.core.main.TestCaseMain$startTestSuite$0.call(Unknown Source)
	at TempTestSuite1591370481169.run(TempTestSuite1591370481169.groovy:37)
Caused by: com.kms.katalon.core.webui.exception.WebElementNotFoundException: Web element with id: 'Object Repository/Page_ Town Square remane - eligendi Mattermost/span_sysadmin_icon icon--small' located by 'By.xpath: //button[@id='CENTER_button_baxjegnar3fzi8j8a3ugqzn68e']/span' not found
	at com.kms.katalon.core.webui.common.WebUiCommonHelper.findWebElement(WebUiCommonHelper.java:1154)
	at com.kms.katalon.core.webui.keyword.internal.WebUIAbstractKeyword.findWebElement(WebUIAbstractKeyword.groovy:27)
	at com.kms.katalon.core.webui.keyword.internal.WebUIAbstractKeyword.findWebElement(WebUIAbstractKeyword.groovy:26)
	at com.kms.katalon.core.webui.keyword.builtin.ClickKeyword$_click_closure1.doCall(ClickKeyword.groovy:67)
	at com.kms.katalon.core.webui.keyword.builtin.ClickKeyword$_click_closure1.call(ClickKeyword.groovy)
	at com.kms.katalon.core.webui.keyword.internal.WebUIKeywordMain.runKeyword(WebUIKeywordMain.groovy:20)
	at com.kms.katalon.core.webui.keyword.builtin.ClickKeyword.click(ClickKeyword.groovy:76)
	at com.kms.katalon.core.webui.keyword.builtin.ClickKeyword.execute(ClickKeyword.groovy:43)
	at com.kms.katalon.core.keyword.internal.KeywordExecutor.executeKeywordForPlatform(KeywordExecutor.groovy:72)
	at com.kms.katalon.core.webui.keyword.WebUiBuiltInKeywords.click(WebUiBuiltInKeywords.groovy:616)
	at com.kms.katalon.core.webui.keyword.WebUiBuiltInKeywords$click$3.call(Unknown Source)
	at Script1591346204579.run(Script1591346204579.groovy:29)
	... 13 more
)
[[ATTACHMENT|/Users/tuyenle/git/HW2-CDNC-CNPM/Reports/20200605_222106/Run all test cases/20200605_222106/1591370604198.png]]]]></system-out>
         <system-err><![CDATA[2020-06-05 22:22:27 - [TEST_CASE][FAILED] - Test Cases/edit message: Test Cases/edit message FAILED.
Reason:
com.kms.katalon.core.exception.StepFailedException: Unable to click on object 'Object Repository/Page_ Town Square remane - eligendi Mattermost/span_sysadmin_icon icon--small'
	at com.kms.katalon.core.webui.keyword.internal.WebUIKeywordMain.stepFailed(WebUIKeywordMain.groovy:64)
	at com.kms.katalon.core.webui.keyword.internal.WebUIKeywordMain.runKeyword(WebUIKeywordMain.groovy:26)
	at com.kms.katalon.core.webui.keyword.builtin.ClickKeyword.click(ClickKeyword.groovy:76)
	at com.kms.katalon.core.webui.keyword.builtin.ClickKeyword.execute(ClickKeyword.groovy:43)
	at com.kms.katalon.core.keyword.internal.KeywordExecutor.executeKeywordForPlatform(KeywordExecutor.groovy:72)
	at com.kms.katalon.core.webui.keyword.WebUiBuiltInKeywords.click(WebUiBuiltInKeywords.groovy:616)
	at com.kms.katalon.core.webui.keyword.WebUiBuiltInKeywords$click$3.call(Unknown Source)
	at edit message.run(edit message:29)
	at com.kms.katalon.core.main.ScriptEngine.run(ScriptEngine.java:194)
	at com.kms.katalon.core.main.ScriptEngine.runScriptAsRawText(ScriptEngine.java:119)
	at com.kms.katalon.core.main.TestCaseExecutor.runScript(TestCaseExecutor.java:337)
	at com.kms.katalon.core.main.TestCaseExecutor.doExecute(TestCaseExecutor.java:328)
	at com.kms.katalon.core.main.TestCaseExecutor.processExecutionPhase(TestCaseExecutor.java:307)
	at com.kms.katalon.core.main.TestCaseExecutor.accessMainPhase(TestCaseExecutor.java:299)
	at com.kms.katalon.core.main.TestCaseExecutor.execute(TestCaseExecutor.java:233)
	at com.kms.katalon.core.main.TestSuiteExecutor.accessTestCaseMainPhase(TestSuiteExecutor.java:169)
	at com.kms.katalon.core.main.TestSuiteExecutor.accessTestSuiteMainPhase(TestSuiteExecutor.java:142)
	at com.kms.katalon.core.main.TestSuiteExecutor.execute(TestSuiteExecutor.java:91)
	at com.kms.katalon.core.main.TestCaseMain.startTestSuite(TestCaseMain.java:157)
	at com.kms.katalon.core.main.TestCaseMain$startTestSuite$0.call(Unknown Source)
	at TempTestSuite1591370481169.run(TempTestSuite1591370481169.groovy:37)
Caused by: com.kms.katalon.core.webui.exception.WebElementNotFoundException: Web element with id: 'Object Repository/Page_ Town Square remane - eligendi Mattermost/span_sysadmin_icon icon--small' located by 'By.xpath: //button[@id='CENTER_button_baxjegnar3fzi8j8a3ugqzn68e']/span' not found
	at com.kms.katalon.core.webui.common.WebUiCommonHelper.findWebElement(WebUiCommonHelper.java:1154)
	at com.kms.katalon.core.webui.keyword.internal.WebUIAbstractKeyword.findWebElement(WebUIAbstractKeyword.groovy:27)
	at com.kms.katalon.core.webui.keyword.internal.WebUIAbstractKeyword.findWebElement(WebUIAbstractKeyword.groovy:26)
	at com.kms.katalon.core.webui.keyword.builtin.ClickKeyword$_click_closure1.doCall(ClickKeyword.groovy:67)
	at com.kms.katalon.core.webui.keyword.builtin.ClickKeyword$_click_closure1.call(ClickKeyword.groovy)
	at com.kms.katalon.core.webui.keyword.internal.WebUIKeywordMain.runKeyword(WebUIKeywordMain.groovy:20)
	... 19 more]]></system-err>
      </testcase>
      <testcase name="Test Cases/add channel to favorite" time="39.421" classname="Test Cases/add channel to favorite" status="PASSED">
         <system-out><![CDATA[2020-06-05 22:23:24 - [TEST_CASE][PASSED] - Test Cases/add channel to favorite: Test Cases/add channel to favorite

2020-06-05 22:23:25 - [TEST_STEP][PASSED] - openBrowser(""): Browser is opened with url: ''

2020-06-05 22:23:25 - [MESSAGE][WARNING] - A browser is already opened. Closing browser and opening a new one

2020-06-05 22:23:25 - [MESSAGE][INFO] - Starting 'Chrome' driver

2020-06-05 22:23:25 - [MESSAGE][INFO] - Action delay is set to 0 milliseconds

2020-06-05 22:23:27 - [MESSAGE][PASSED] - Browser is opened with url: ''

2020-06-05 22:23:27 - [TEST_STEP][PASSED] - navigateToUrl("http://localhost:8065/"): Navigate to 'http://localhost:8065/' successfully

2020-06-05 22:23:30 - [MESSAGE][PASSED] - Navigate to 'http://localhost:8065/' successfully

2020-06-05 22:23:30 - [TEST_STEP][PASSED] - setText(findTestObject("Page_Mattermost/input_All team communication in one place s_703ef5"), "sysadmin"): Text 'sysadmin' is set on object 'Object Repository/Page_Mattermost/input_All team communication in one place s_703ef5'

2020-06-05 22:23:33 - [MESSAGE][PASSED] - Text 'sysadmin' is set on object 'Object Repository/Page_Mattermost/input_All team communication in one place s_703ef5'

2020-06-05 22:23:33 - [TEST_STEP][PASSED] - setEncryptedText(findTestObject("Page_Mattermost/input_All team communication in one place s_2f2733"), "2SwE/drL9BoSDSAWnt1s8EiQe9rbSfQc"): Text ****** has been set on object 'Object Repository/Page_Mattermost/input_All team communication in one place s_2f2733'

2020-06-05 22:23:33 - [MESSAGE][PASSED] - Text ****** has been set on object 'Object Repository/Page_Mattermost/input_All team communication in one place s_2f2733'

2020-06-05 22:23:33 - [TEST_STEP][PASSED] - click(findTestObject("Page_Mattermost/span_Sign in")): Object: 'Object Repository/Page_Mattermost/span_Sign in' is clicked on

2020-06-05 22:23:34 - [MESSAGE][PASSED] - Object: 'Object Repository/Page_Mattermost/span_Sign in' is clicked on

2020-06-05 22:23:34 - [TEST_STEP][PASSED] - click(findTestObject("Object Repository/Page_ Town Square remane - eligendi Mattermost/span_sint")): Object: 'Object Repository/Page_ Town Square remane - eligendi Mattermost/span_sint' is clicked on

2020-06-05 22:23:39 - [MESSAGE][PASSED] - Object: 'Object Repository/Page_ Town Square remane - eligendi Mattermost/span_sint' is clicked on

2020-06-05 22:23:39 - [TEST_STEP][PASSED] - click(findTestObject("Object Repository/Page_ sint - eligendi Mattermost/i_Drop a file to upload it_icon fa fa-star-o")): Object: 'Object Repository/Page_ sint - eligendi Mattermost/i_Drop a file to upload it_icon fa fa-star-o' is clicked on

2020-06-05 22:23:46 - [MESSAGE][PASSED] - Object: 'Object Repository/Page_ sint - eligendi Mattermost/i_Drop a file to upload it_icon fa fa-star-o' is clicked on

2020-06-05 22:23:46 - [TEST_STEP][PASSED] - click(findTestObject("Object Repository/Page_ sint - eligendi Mattermost/span_Town Square remane")): Object: 'Object Repository/Page_ sint - eligendi Mattermost/span_Town Square remane' is clicked on

2020-06-05 22:23:53 - [MESSAGE][PASSED] - Object: 'Object Repository/Page_ sint - eligendi Mattermost/span_Town Square remane' is clicked on

2020-06-05 22:23:53 - [TEST_STEP][PASSED] - click(findTestObject("Object Repository/Page_ Town Square remane - eligendi Mattermost/span_sint")): Object: 'Object Repository/Page_ Town Square remane - eligendi Mattermost/span_sint' is clicked on

2020-06-05 22:24:00 - [MESSAGE][PASSED] - Object: 'Object Repository/Page_ Town Square remane - eligendi Mattermost/span_sint' is clicked on

2020-06-05 22:24:00 - [TEST_STEP][PASSED] - setText(findTestObject("Object Repository/Page_ sint - eligendi Mattermost/textarea_Write to sint_post_textbox"), "."): Text '.' is set on object 'Object Repository/Page_ sint - eligendi Mattermost/textarea_Write to sint_post_textbox'

2020-06-05 22:24:04 - [MESSAGE][PASSED] - Text '.' is set on object 'Object Repository/Page_ sint - eligendi Mattermost/textarea_Write to sint_post_textbox'

2020-06-05 22:24:04 - [TEST_STEP][PASSED] - closeBrowser(): Browser is closed

2020-06-05 22:24:04 - [MESSAGE][PASSED] - Browser is closed]]></system-out>
         <system-err><![CDATA[]]></system-err>
      </testcase>
      <testcase name="Test Cases/delete my message" time="53.286" classname="Test Cases/delete my message" status="FAILED">
         <failure type="FAILED" message="Test Cases/delete my message FAILED.
Reason:
com.kms.katalon.core.exception.StepFailedException: Unable to click on object 'Object Repository/Page_ Town Square remane - eligendi Mattermost/button_sysadmin_CENTER_button_baxjegnar3fzi_4daf31'
	at com.kms.katalon.core.webui.keyword.internal.WebUIKeywordMain.stepFailed(WebUIKeywordMain.groovy:64)
	at com.kms.katalon.core.webui.keyword.internal.WebUIKeywordMain.runKeyword(WebUIKeywordMain.groovy:26)
	at com.kms.katalon.core.webui.keyword.builtin.ClickKeyword.click(ClickKeyword.groovy:76)
	at com.kms.katalon.core.webui.keyword.builtin.ClickKeyword.execute(ClickKeyword.groovy:43)
	at com.kms.katalon.core.keyword.internal.KeywordExecutor.executeKeywordForPlatform(KeywordExecutor.groovy:72)
	at com.kms.katalon.core.webui.keyword.WebUiBuiltInKeywords.click(WebUiBuiltInKeywords.groovy:616)
	at com.kms.katalon.core.webui.keyword.WebUiBuiltInKeywords$click$3.call(Unknown Source)
	at delete my message.run(delete my message:29)
	at com.kms.katalon.core.main.ScriptEngine.run(ScriptEngine.java:194)
	at com.kms.katalon.core.main.ScriptEngine.runScriptAsRawText(ScriptEngine.java:119)
	at com.kms.katalon.core.main.TestCaseExecutor.runScript(TestCaseExecutor.java:337)
	at com.kms.katalon.core.main.TestCaseExecutor.doExecute(TestCaseExecutor.java:328)
	at com.kms.katalon.core.main.TestCaseExecutor.processExecutionPhase(TestCaseExecutor.java:307)
	at com.kms.katalon.core.main.TestCaseExecutor.accessMainPhase(TestCaseExecutor.java:299)
	at com.kms.katalon.core.main.TestCaseExecutor.execute(TestCaseExecutor.java:233)
	at com.kms.katalon.core.main.TestSuiteExecutor.accessTestCaseMainPhase(TestSuiteExecutor.java:169)
	at com.kms.katalon.core.main.TestSuiteExecutor.accessTestSuiteMainPhase(TestSuiteExecutor.java:142)
	at com.kms.katalon.core.main.TestSuiteExecutor.execute(TestSuiteExecutor.java:91)
	at com.kms.katalon.core.main.TestCaseMain.startTestSuite(TestCaseMain.java:157)
	at com.kms.katalon.core.main.TestCaseMain$startTestSuite$0.call(Unknown Source)
	at TempTestSuite1591370481169.run(TempTestSuite1591370481169.groovy:37)
Caused by: com.kms.katalon.core.webui.exception.WebElementNotFoundException: Web element with id: 'Object Repository/Page_ Town Square remane - eligendi Mattermost/button_sysadmin_CENTER_button_baxjegnar3fzi_4daf31' located by 'By.xpath: //button[@id='CENTER_button_baxjegnar3fzi8j8a3ugqzn68e']' not found
	at com.kms.katalon.core.webui.common.WebUiCommonHelper.findWebElement(WebUiCommonHelper.java:1154)
	at com.kms.katalon.core.webui.keyword.internal.WebUIAbstractKeyword.findWebElement(WebUIAbstractKeyword.groovy:27)
	at com.kms.katalon.core.webui.keyword.internal.WebUIAbstractKeyword.findWebElement(WebUIAbstractKeyword.groovy:26)
	at com.kms.katalon.core.webui.keyword.builtin.ClickKeyword$_click_closure1.doCall(ClickKeyword.groovy:67)
	at com.kms.katalon.core.webui.keyword.builtin.ClickKeyword$_click_closure1.call(ClickKeyword.groovy)
	at com.kms.katalon.core.webui.keyword.internal.WebUIKeywordMain.runKeyword(WebUIKeywordMain.groovy:20)
	... 19 more
"/>
         <system-out><![CDATA[2020-06-05 22:24:04 - [TEST_CASE][FAILED] - Test Cases/delete my message: Test Cases/delete my message FAILED.
Reason:
com.kms.katalon.core.exception.StepFailedException: Unable to click on object 'Object Repository/Page_ Town Square remane - eligendi Mattermost/button_sysadmin_CENTER_button_baxjegnar3fzi_4daf31'
	at com.kms.katalon.core.webui.keyword.internal.WebUIKeywordMain.stepFailed(WebUIKeywordMain.groovy:64)
	at com.kms.katalon.core.webui.keyword.internal.WebUIKeywordMain.runKeyword(WebUIKeywordMain.groovy:26)
	at com.kms.katalon.core.webui.keyword.builtin.ClickKeyword.click(ClickKeyword.groovy:76)
	at com.kms.katalon.core.webui.keyword.builtin.ClickKeyword.execute(ClickKeyword.groovy:43)
	at com.kms.katalon.core.keyword.internal.KeywordExecutor.executeKeywordForPlatform(KeywordExecutor.groovy:72)
	at com.kms.katalon.core.webui.keyword.WebUiBuiltInKeywords.click(WebUiBuiltInKeywords.groovy:616)
	at com.kms.katalon.core.webui.keyword.WebUiBuiltInKeywords$click$3.call(Unknown Source)
	at delete my message.run(delete my message:29)
	at com.kms.katalon.core.main.ScriptEngine.run(ScriptEngine.java:194)
	at com.kms.katalon.core.main.ScriptEngine.runScriptAsRawText(ScriptEngine.java:119)
	at com.kms.katalon.core.main.TestCaseExecutor.runScript(TestCaseExecutor.java:337)
	at com.kms.katalon.core.main.TestCaseExecutor.doExecute(TestCaseExecutor.java:328)
	at com.kms.katalon.core.main.TestCaseExecutor.processExecutionPhase(TestCaseExecutor.java:307)
	at com.kms.katalon.core.main.TestCaseExecutor.accessMainPhase(TestCaseExecutor.java:299)
	at com.kms.katalon.core.main.TestCaseExecutor.execute(TestCaseExecutor.java:233)
	at com.kms.katalon.core.main.TestSuiteExecutor.accessTestCaseMainPhase(TestSuiteExecutor.java:169)
	at com.kms.katalon.core.main.TestSuiteExecutor.accessTestSuiteMainPhase(TestSuiteExecutor.java:142)
	at com.kms.katalon.core.main.TestSuiteExecutor.execute(TestSuiteExecutor.java:91)
	at com.kms.katalon.core.main.TestCaseMain.startTestSuite(TestCaseMain.java:157)
	at com.kms.katalon.core.main.TestCaseMain$startTestSuite$0.call(Unknown Source)
	at TempTestSuite1591370481169.run(TempTestSuite1591370481169.groovy:37)
Caused by: com.kms.katalon.core.webui.exception.WebElementNotFoundException: Web element with id: 'Object Repository/Page_ Town Square remane - eligendi Mattermost/button_sysadmin_CENTER_button_baxjegnar3fzi_4daf31' located by 'By.xpath: //button[@id='CENTER_button_baxjegnar3fzi8j8a3ugqzn68e']' not found
	at com.kms.katalon.core.webui.common.WebUiCommonHelper.findWebElement(WebUiCommonHelper.java:1154)
	at com.kms.katalon.core.webui.keyword.internal.WebUIAbstractKeyword.findWebElement(WebUIAbstractKeyword.groovy:27)
	at com.kms.katalon.core.webui.keyword.internal.WebUIAbstractKeyword.findWebElement(WebUIAbstractKeyword.groovy:26)
	at com.kms.katalon.core.webui.keyword.builtin.ClickKeyword$_click_closure1.doCall(ClickKeyword.groovy:67)
	at com.kms.katalon.core.webui.keyword.builtin.ClickKeyword$_click_closure1.call(ClickKeyword.groovy)
	at com.kms.katalon.core.webui.keyword.internal.WebUIKeywordMain.runKeyword(WebUIKeywordMain.groovy:20)
	... 19 more


2020-06-05 22:24:04 - [TEST_STEP][PASSED] - openBrowser(""): Browser is opened with url: ''

2020-06-05 22:24:04 - [MESSAGE][INFO] - Starting 'Chrome' driver

2020-06-05 22:24:04 - [MESSAGE][INFO] - Action delay is set to 0 milliseconds

2020-06-05 22:24:06 - [MESSAGE][PASSED] - Browser is opened with url: ''

2020-06-05 22:24:06 - [TEST_STEP][PASSED] - navigateToUrl("http://localhost:8065/"): Navigate to 'http://localhost:8065/' successfully

2020-06-05 22:24:08 - [MESSAGE][PASSED] - Navigate to 'http://localhost:8065/' successfully

2020-06-05 22:24:08 - [TEST_STEP][PASSED] - setText(findTestObject("Page_Mattermost/input_All team communication in one place s_703ef5"), "sysadmin"): Text 'sysadmin' is set on object 'Object Repository/Page_Mattermost/input_All team communication in one place s_703ef5'

2020-06-05 22:24:10 - [MESSAGE][PASSED] - Text 'sysadmin' is set on object 'Object Repository/Page_Mattermost/input_All team communication in one place s_703ef5'

2020-06-05 22:24:10 - [TEST_STEP][PASSED] - setEncryptedText(findTestObject("Page_Mattermost/input_All team communication in one place s_2f2733"), "2SwE/drL9BoSDSAWnt1s8EiQe9rbSfQc"): Text ****** has been set on object 'Object Repository/Page_Mattermost/input_All team communication in one place s_2f2733'

2020-06-05 22:24:10 - [MESSAGE][PASSED] - Text ****** has been set on object 'Object Repository/Page_Mattermost/input_All team communication in one place s_2f2733'

2020-06-05 22:24:10 - [TEST_STEP][PASSED] - sendKeys(findTestObject("Page_Mattermost/input_All team communication in one place s_2f2733"), Keys.chord(ENTER)): Keys 'ENTER + ' sent to object: 'Object Repository/Page_Mattermost/input_All team communication in one place s_2f2733'

2020-06-05 22:24:11 - [MESSAGE][PASSED] - Keys 'ENTER + ' sent to object: 'Object Repository/Page_Mattermost/input_All team communication in one place s_2f2733'

2020-06-05 22:24:11 - [TEST_STEP][FAILED] - click(findTestObject("Object Repository/Page_ Town Square remane - eligendi Mattermost/button_sysadmin_CENTER_button_baxjegnar3fzi_4daf31")): Unable to click on object 'Object Repository/Page_ Town Square remane - eligendi Mattermost/button_sysadmin_CENTER_button_baxjegnar3fzi_4daf31' (Root cause: com.kms.katalon.core.exception.StepFailedException: Unable to click on object 'Object Repository/Page_ Town Square remane - eligendi Mattermost/button_sysadmin_CENTER_button_baxjegnar3fzi_4daf31'
	at com.kms.katalon.core.webui.keyword.internal.WebUIKeywordMain.stepFailed(WebUIKeywordMain.groovy:64)
	at com.kms.katalon.core.webui.keyword.internal.WebUIKeywordMain.runKeyword(WebUIKeywordMain.groovy:26)
	at com.kms.katalon.core.webui.keyword.builtin.ClickKeyword.click(ClickKeyword.groovy:76)
	at com.kms.katalon.core.webui.keyword.builtin.ClickKeyword.execute(ClickKeyword.groovy:43)
	at com.kms.katalon.core.keyword.internal.KeywordExecutor.executeKeywordForPlatform(KeywordExecutor.groovy:72)
	at com.kms.katalon.core.webui.keyword.WebUiBuiltInKeywords.click(WebUiBuiltInKeywords.groovy:616)
	at com.kms.katalon.core.webui.keyword.WebUiBuiltInKeywords$click$3.call(Unknown Source)
	at delete my message.run(delete my message:29)
	at com.kms.katalon.core.main.ScriptEngine.run(ScriptEngine.java:194)
	at com.kms.katalon.core.main.ScriptEngine.runScriptAsRawText(ScriptEngine.java:119)
	at com.kms.katalon.core.main.TestCaseExecutor.runScript(TestCaseExecutor.java:337)
	at com.kms.katalon.core.main.TestCaseExecutor.doExecute(TestCaseExecutor.java:328)
	at com.kms.katalon.core.main.TestCaseExecutor.processExecutionPhase(TestCaseExecutor.java:307)
	at com.kms.katalon.core.main.TestCaseExecutor.accessMainPhase(TestCaseExecutor.java:299)
	at com.kms.katalon.core.main.TestCaseExecutor.execute(TestCaseExecutor.java:233)
	at com.kms.katalon.core.main.TestSuiteExecutor.accessTestCaseMainPhase(TestSuiteExecutor.java:169)
	at com.kms.katalon.core.main.TestSuiteExecutor.accessTestSuiteMainPhase(TestSuiteExecutor.java:142)
	at com.kms.katalon.core.main.TestSuiteExecutor.execute(TestSuiteExecutor.java:91)
	at com.kms.katalon.core.main.TestCaseMain.startTestSuite(TestCaseMain.java:157)
	at com.kms.katalon.core.main.TestCaseMain$startTestSuite$0.call(Unknown Source)
	at TempTestSuite1591370481169.run(TempTestSuite1591370481169.groovy:37)
Caused by: com.kms.katalon.core.webui.exception.WebElementNotFoundException: Web element with id: 'Object Repository/Page_ Town Square remane - eligendi Mattermost/button_sysadmin_CENTER_button_baxjegnar3fzi_4daf31' located by 'By.xpath: //button[@id='CENTER_button_baxjegnar3fzi8j8a3ugqzn68e']' not found
	at com.kms.katalon.core.webui.common.WebUiCommonHelper.findWebElement(WebUiCommonHelper.java:1154)
	at com.kms.katalon.core.webui.keyword.internal.WebUIAbstractKeyword.findWebElement(WebUIAbstractKeyword.groovy:27)
	at com.kms.katalon.core.webui.keyword.internal.WebUIAbstractKeyword.findWebElement(WebUIAbstractKeyword.groovy:26)
	at com.kms.katalon.core.webui.keyword.builtin.ClickKeyword$_click_closure1.doCall(ClickKeyword.groovy:67)
	at com.kms.katalon.core.webui.keyword.builtin.ClickKeyword$_click_closure1.call(ClickKeyword.groovy)
	at com.kms.katalon.core.webui.keyword.internal.WebUIKeywordMain.runKeyword(WebUIKeywordMain.groovy:20)
	at com.kms.katalon.core.webui.keyword.builtin.ClickKeyword.click(ClickKeyword.groovy:76)
	at com.kms.katalon.core.webui.keyword.builtin.ClickKeyword.execute(ClickKeyword.groovy:43)
	at com.kms.katalon.core.keyword.internal.KeywordExecutor.executeKeywordForPlatform(KeywordExecutor.groovy:72)
	at com.kms.katalon.core.webui.keyword.WebUiBuiltInKeywords.click(WebUiBuiltInKeywords.groovy:616)
	at com.kms.katalon.core.webui.keyword.WebUiBuiltInKeywords$click$3.call(Unknown Source)
	at Script1591346433154.run(Script1591346433154.groovy:29)
	... 13 more
)

2020-06-05 22:24:56 - [MESSAGE][INFO] - Unable to find the element located by 'By.xpath: //button[@id='CENTER_button_baxjegnar3fzi8j8a3ugqzn68e']'. Please recheck the objects properties to make sure the desired element is located. 

2020-06-05 22:24:57 - [MESSAGE][FAILED] - Unable to click on object 'Object Repository/Page_ Town Square remane - eligendi Mattermost/button_sysadmin_CENTER_button_baxjegnar3fzi_4daf31' (Root cause: com.kms.katalon.core.exception.StepFailedException: Unable to click on object 'Object Repository/Page_ Town Square remane - eligendi Mattermost/button_sysadmin_CENTER_button_baxjegnar3fzi_4daf31'
	at com.kms.katalon.core.webui.keyword.internal.WebUIKeywordMain.stepFailed(WebUIKeywordMain.groovy:64)
	at com.kms.katalon.core.webui.keyword.internal.WebUIKeywordMain.runKeyword(WebUIKeywordMain.groovy:26)
	at com.kms.katalon.core.webui.keyword.builtin.ClickKeyword.click(ClickKeyword.groovy:76)
	at com.kms.katalon.core.webui.keyword.builtin.ClickKeyword.execute(ClickKeyword.groovy:43)
	at com.kms.katalon.core.keyword.internal.KeywordExecutor.executeKeywordForPlatform(KeywordExecutor.groovy:72)
	at com.kms.katalon.core.webui.keyword.WebUiBuiltInKeywords.click(WebUiBuiltInKeywords.groovy:616)
	at com.kms.katalon.core.webui.keyword.WebUiBuiltInKeywords$click$3.call(Unknown Source)
	at delete my message.run(delete my message:29)
	at com.kms.katalon.core.main.ScriptEngine.run(ScriptEngine.java:194)
	at com.kms.katalon.core.main.ScriptEngine.runScriptAsRawText(ScriptEngine.java:119)
	at com.kms.katalon.core.main.TestCaseExecutor.runScript(TestCaseExecutor.java:337)
	at com.kms.katalon.core.main.TestCaseExecutor.doExecute(TestCaseExecutor.java:328)
	at com.kms.katalon.core.main.TestCaseExecutor.processExecutionPhase(TestCaseExecutor.java:307)
	at com.kms.katalon.core.main.TestCaseExecutor.accessMainPhase(TestCaseExecutor.java:299)
	at com.kms.katalon.core.main.TestCaseExecutor.execute(TestCaseExecutor.java:233)
	at com.kms.katalon.core.main.TestSuiteExecutor.accessTestCaseMainPhase(TestSuiteExecutor.java:169)
	at com.kms.katalon.core.main.TestSuiteExecutor.accessTestSuiteMainPhase(TestSuiteExecutor.java:142)
	at com.kms.katalon.core.main.TestSuiteExecutor.execute(TestSuiteExecutor.java:91)
	at com.kms.katalon.core.main.TestCaseMain.startTestSuite(TestCaseMain.java:157)
	at com.kms.katalon.core.main.TestCaseMain$startTestSuite$0.call(Unknown Source)
	at TempTestSuite1591370481169.run(TempTestSuite1591370481169.groovy:37)
Caused by: com.kms.katalon.core.webui.exception.WebElementNotFoundException: Web element with id: 'Object Repository/Page_ Town Square remane - eligendi Mattermost/button_sysadmin_CENTER_button_baxjegnar3fzi_4daf31' located by 'By.xpath: //button[@id='CENTER_button_baxjegnar3fzi8j8a3ugqzn68e']' not found
	at com.kms.katalon.core.webui.common.WebUiCommonHelper.findWebElement(WebUiCommonHelper.java:1154)
	at com.kms.katalon.core.webui.keyword.internal.WebUIAbstractKeyword.findWebElement(WebUIAbstractKeyword.groovy:27)
	at com.kms.katalon.core.webui.keyword.internal.WebUIAbstractKeyword.findWebElement(WebUIAbstractKeyword.groovy:26)
	at com.kms.katalon.core.webui.keyword.builtin.ClickKeyword$_click_closure1.doCall(ClickKeyword.groovy:67)
	at com.kms.katalon.core.webui.keyword.builtin.ClickKeyword$_click_closure1.call(ClickKeyword.groovy)
	at com.kms.katalon.core.webui.keyword.internal.WebUIKeywordMain.runKeyword(WebUIKeywordMain.groovy:20)
	at com.kms.katalon.core.webui.keyword.builtin.ClickKeyword.click(ClickKeyword.groovy:76)
	at com.kms.katalon.core.webui.keyword.builtin.ClickKeyword.execute(ClickKeyword.groovy:43)
	at com.kms.katalon.core.keyword.internal.KeywordExecutor.executeKeywordForPlatform(KeywordExecutor.groovy:72)
	at com.kms.katalon.core.webui.keyword.WebUiBuiltInKeywords.click(WebUiBuiltInKeywords.groovy:616)
	at com.kms.katalon.core.webui.keyword.WebUiBuiltInKeywords$click$3.call(Unknown Source)
	at Script1591346433154.run(Script1591346433154.groovy:29)
	... 13 more
)
[[ATTACHMENT|/Users/tuyenle/git/HW2-CDNC-CNPM/Reports/20200605_222106/Run all test cases/20200605_222106/1591370696509.png]]]]></system-out>
         <system-err><![CDATA[2020-06-05 22:24:04 - [TEST_CASE][FAILED] - Test Cases/delete my message: Test Cases/delete my message FAILED.
Reason:
com.kms.katalon.core.exception.StepFailedException: Unable to click on object 'Object Repository/Page_ Town Square remane - eligendi Mattermost/button_sysadmin_CENTER_button_baxjegnar3fzi_4daf31'
	at com.kms.katalon.core.webui.keyword.internal.WebUIKeywordMain.stepFailed(WebUIKeywordMain.groovy:64)
	at com.kms.katalon.core.webui.keyword.internal.WebUIKeywordMain.runKeyword(WebUIKeywordMain.groovy:26)
	at com.kms.katalon.core.webui.keyword.builtin.ClickKeyword.click(ClickKeyword.groovy:76)
	at com.kms.katalon.core.webui.keyword.builtin.ClickKeyword.execute(ClickKeyword.groovy:43)
	at com.kms.katalon.core.keyword.internal.KeywordExecutor.executeKeywordForPlatform(KeywordExecutor.groovy:72)
	at com.kms.katalon.core.webui.keyword.WebUiBuiltInKeywords.click(WebUiBuiltInKeywords.groovy:616)
	at com.kms.katalon.core.webui.keyword.WebUiBuiltInKeywords$click$3.call(Unknown Source)
	at delete my message.run(delete my message:29)
	at com.kms.katalon.core.main.ScriptEngine.run(ScriptEngine.java:194)
	at com.kms.katalon.core.main.ScriptEngine.runScriptAsRawText(ScriptEngine.java:119)
	at com.kms.katalon.core.main.TestCaseExecutor.runScript(TestCaseExecutor.java:337)
	at com.kms.katalon.core.main.TestCaseExecutor.doExecute(TestCaseExecutor.java:328)
	at com.kms.katalon.core.main.TestCaseExecutor.processExecutionPhase(TestCaseExecutor.java:307)
	at com.kms.katalon.core.main.TestCaseExecutor.accessMainPhase(TestCaseExecutor.java:299)
	at com.kms.katalon.core.main.TestCaseExecutor.execute(TestCaseExecutor.java:233)
	at com.kms.katalon.core.main.TestSuiteExecutor.accessTestCaseMainPhase(TestSuiteExecutor.java:169)
	at com.kms.katalon.core.main.TestSuiteExecutor.accessTestSuiteMainPhase(TestSuiteExecutor.java:142)
	at com.kms.katalon.core.main.TestSuiteExecutor.execute(TestSuiteExecutor.java:91)
	at com.kms.katalon.core.main.TestCaseMain.startTestSuite(TestCaseMain.java:157)
	at com.kms.katalon.core.main.TestCaseMain$startTestSuite$0.call(Unknown Source)
	at TempTestSuite1591370481169.run(TempTestSuite1591370481169.groovy:37)
Caused by: com.kms.katalon.core.webui.exception.WebElementNotFoundException: Web element with id: 'Object Repository/Page_ Town Square remane - eligendi Mattermost/button_sysadmin_CENTER_button_baxjegnar3fzi_4daf31' located by 'By.xpath: //button[@id='CENTER_button_baxjegnar3fzi8j8a3ugqzn68e']' not found
	at com.kms.katalon.core.webui.common.WebUiCommonHelper.findWebElement(WebUiCommonHelper.java:1154)
	at com.kms.katalon.core.webui.keyword.internal.WebUIAbstractKeyword.findWebElement(WebUIAbstractKeyword.groovy:27)
	at com.kms.katalon.core.webui.keyword.internal.WebUIAbstractKeyword.findWebElement(WebUIAbstractKeyword.groovy:26)
	at com.kms.katalon.core.webui.keyword.builtin.ClickKeyword$_click_closure1.doCall(ClickKeyword.groovy:67)
	at com.kms.katalon.core.webui.keyword.builtin.ClickKeyword$_click_closure1.call(ClickKeyword.groovy)
	at com.kms.katalon.core.webui.keyword.internal.WebUIKeywordMain.runKeyword(WebUIKeywordMain.groovy:20)
	... 19 more]]></system-err>
      </testcase>
      <testcase name="Test Cases/user log out" time="13.342" classname="Test Cases/user log out" status="PASSED">
         <system-out><![CDATA[2020-06-05 22:24:57 - [TEST_CASE][PASSED] - Test Cases/user log out: Test Cases/user log out

2020-06-05 22:24:58 - [TEST_STEP][PASSED] - openBrowser(""): Browser is opened with url: ''

2020-06-05 22:24:58 - [MESSAGE][WARNING] - A browser is already opened. Closing browser and opening a new one

2020-06-05 22:24:58 - [MESSAGE][INFO] - Starting 'Chrome' driver

2020-06-05 22:24:58 - [MESSAGE][INFO] - Action delay is set to 0 milliseconds

2020-06-05 22:25:00 - [MESSAGE][PASSED] - Browser is opened with url: ''

2020-06-05 22:25:00 - [TEST_STEP][PASSED] - navigateToUrl("http://localhost:8065/"): Navigate to 'http://localhost:8065/' successfully

2020-06-05 22:25:03 - [MESSAGE][PASSED] - Navigate to 'http://localhost:8065/' successfully

2020-06-05 22:25:03 - [TEST_STEP][PASSED] - setText(findTestObject("Page_Mattermost/input_All team communication in one place s_703ef5"), "sysadmin"): Text 'sysadmin' is set on object 'Object Repository/Page_Mattermost/input_All team communication in one place s_703ef5'

2020-06-05 22:25:05 - [MESSAGE][PASSED] - Text 'sysadmin' is set on object 'Object Repository/Page_Mattermost/input_All team communication in one place s_703ef5'

2020-06-05 22:25:05 - [TEST_STEP][PASSED] - setEncryptedText(findTestObject("Page_Mattermost/input_All team communication in one place s_2f2733"), "2SwE/drL9BoSDSAWnt1s8EiQe9rbSfQc"): Text ****** has been set on object 'Object Repository/Page_Mattermost/input_All team communication in one place s_2f2733'

2020-06-05 22:25:06 - [MESSAGE][PASSED] - Text ****** has been set on object 'Object Repository/Page_Mattermost/input_All team communication in one place s_2f2733'

2020-06-05 22:25:06 - [TEST_STEP][PASSED] - click(findTestObject("Page_Mattermost/button_Sign in")): Object: 'Object Repository/Page_Mattermost/button_Sign in' is clicked on

2020-06-05 22:25:06 - [MESSAGE][PASSED] - Object: 'Object Repository/Page_Mattermost/button_Sign in' is clicked on

2020-06-05 22:25:06 - [TEST_STEP][PASSED] - click(findTestObject("Object Repository/Page_ Town Square - eligendi Mattermost/button_sysadmin_style--none sidebar-header-_62345a")): Object: 'Object Repository/Page_ Town Square - eligendi Mattermost/button_sysadmin_style--none sidebar-header-_62345a' is clicked on

2020-06-05 22:25:09 - [MESSAGE][PASSED] - Object: 'Object Repository/Page_ Town Square - eligendi Mattermost/button_sysadmin_style--none sidebar-header-_62345a' is clicked on

2020-06-05 22:25:09 - [TEST_STEP][PASSED] - click(findTestObject("Object Repository/Page_ Town Square - eligendi Mattermost/span_Log Out")): Object: 'Object Repository/Page_ Town Square - eligendi Mattermost/span_Log Out' is clicked on

2020-06-05 22:25:10 - [MESSAGE][PASSED] - Object: 'Object Repository/Page_ Town Square - eligendi Mattermost/span_Log Out' is clicked on

2020-06-05 22:25:10 - [TEST_STEP][PASSED] - closeBrowser(): Browser is closed

2020-06-05 22:25:11 - [MESSAGE][PASSED] - Browser is closed]]></system-out>
         <system-err><![CDATA[]]></system-err>
      </testcase>
      <testcase name="Test Cases/edit channel purpose" time="61.413" classname="Test Cases/edit channel purpose" status="FAILED">
         <failure type="FAILED" message="Test Cases/edit channel purpose FAILED.
Reason:
com.kms.katalon.core.exception.StepFailedException: Unable to click on object 'Object Repository/Page_ Town Square remane - eligendi Mattermost/span_Save'
	at com.kms.katalon.core.webui.keyword.internal.WebUIKeywordMain.stepFailed(WebUIKeywordMain.groovy:64)
	at com.kms.katalon.core.webui.keyword.internal.WebUIKeywordMain.runKeyword(WebUIKeywordMain.groovy:26)
	at com.kms.katalon.core.webui.keyword.builtin.ClickKeyword.click(ClickKeyword.groovy:76)
	at com.kms.katalon.core.webui.keyword.builtin.ClickKeyword.execute(ClickKeyword.groovy:43)
	at com.kms.katalon.core.keyword.internal.KeywordExecutor.executeKeywordForPlatform(KeywordExecutor.groovy:72)
	at com.kms.katalon.core.webui.keyword.WebUiBuiltInKeywords.click(WebUiBuiltInKeywords.groovy:616)
	at com.kms.katalon.core.webui.keyword.WebUiBuiltInKeywords$click$3.call(Unknown Source)
	at edit channel purpose.run(edit channel purpose:36)
	at com.kms.katalon.core.main.ScriptEngine.run(ScriptEngine.java:194)
	at com.kms.katalon.core.main.ScriptEngine.runScriptAsRawText(ScriptEngine.java:119)
	at com.kms.katalon.core.main.TestCaseExecutor.runScript(TestCaseExecutor.java:337)
	at com.kms.katalon.core.main.TestCaseExecutor.doExecute(TestCaseExecutor.java:328)
	at com.kms.katalon.core.main.TestCaseExecutor.processExecutionPhase(TestCaseExecutor.java:307)
	at com.kms.katalon.core.main.TestCaseExecutor.accessMainPhase(TestCaseExecutor.java:299)
	at com.kms.katalon.core.main.TestCaseExecutor.execute(TestCaseExecutor.java:233)
	at com.kms.katalon.core.main.TestSuiteExecutor.accessTestCaseMainPhase(TestSuiteExecutor.java:169)
	at com.kms.katalon.core.main.TestSuiteExecutor.accessTestSuiteMainPhase(TestSuiteExecutor.java:142)
	at com.kms.katalon.core.main.TestSuiteExecutor.execute(TestSuiteExecutor.java:91)
	at com.kms.katalon.core.main.TestCaseMain.startTestSuite(TestCaseMain.java:157)
	at com.kms.katalon.core.main.TestCaseMain$startTestSuite$0.call(Unknown Source)
	at TempTestSuite1591370481169.run(TempTestSuite1591370481169.groovy:37)
Caused by: com.kms.katalon.core.webui.exception.WebElementNotFoundException: Web element with id: 'Object Repository/Page_ Town Square remane - eligendi Mattermost/span_Save' located by 'By.xpath: //button[@id='editButton']/span' not found
	at com.kms.katalon.core.webui.common.WebUiCommonHelper.findWebElement(WebUiCommonHelper.java:1154)
	at com.kms.katalon.core.webui.keyword.internal.WebUIAbstractKeyword.findWebElement(WebUIAbstractKeyword.groovy:27)
	at com.kms.katalon.core.webui.keyword.internal.WebUIAbstractKeyword.findWebElement(WebUIAbstractKeyword.groovy:26)
	at com.kms.katalon.core.webui.keyword.builtin.ClickKeyword$_click_closure1.doCall(ClickKeyword.groovy:67)
	at com.kms.katalon.core.webui.keyword.builtin.ClickKeyword$_click_closure1.call(ClickKeyword.groovy)
	at com.kms.katalon.core.webui.keyword.internal.WebUIKeywordMain.runKeyword(WebUIKeywordMain.groovy:20)
	... 19 more
"/>
         <system-out><![CDATA[2020-06-05 22:25:11 - [TEST_CASE][FAILED] - Test Cases/edit channel purpose: Test Cases/edit channel purpose FAILED.
Reason:
com.kms.katalon.core.exception.StepFailedException: Unable to click on object 'Object Repository/Page_ Town Square remane - eligendi Mattermost/span_Save'
	at com.kms.katalon.core.webui.keyword.internal.WebUIKeywordMain.stepFailed(WebUIKeywordMain.groovy:64)
	at com.kms.katalon.core.webui.keyword.internal.WebUIKeywordMain.runKeyword(WebUIKeywordMain.groovy:26)
	at com.kms.katalon.core.webui.keyword.builtin.ClickKeyword.click(ClickKeyword.groovy:76)
	at com.kms.katalon.core.webui.keyword.builtin.ClickKeyword.execute(ClickKeyword.groovy:43)
	at com.kms.katalon.core.keyword.internal.KeywordExecutor.executeKeywordForPlatform(KeywordExecutor.groovy:72)
	at com.kms.katalon.core.webui.keyword.WebUiBuiltInKeywords.click(WebUiBuiltInKeywords.groovy:616)
	at com.kms.katalon.core.webui.keyword.WebUiBuiltInKeywords$click$3.call(Unknown Source)
	at edit channel purpose.run(edit channel purpose:36)
	at com.kms.katalon.core.main.ScriptEngine.run(ScriptEngine.java:194)
	at com.kms.katalon.core.main.ScriptEngine.runScriptAsRawText(ScriptEngine.java:119)
	at com.kms.katalon.core.main.TestCaseExecutor.runScript(TestCaseExecutor.java:337)
	at com.kms.katalon.core.main.TestCaseExecutor.doExecute(TestCaseExecutor.java:328)
	at com.kms.katalon.core.main.TestCaseExecutor.processExecutionPhase(TestCaseExecutor.java:307)
	at com.kms.katalon.core.main.TestCaseExecutor.accessMainPhase(TestCaseExecutor.java:299)
	at com.kms.katalon.core.main.TestCaseExecutor.execute(TestCaseExecutor.java:233)
	at com.kms.katalon.core.main.TestSuiteExecutor.accessTestCaseMainPhase(TestSuiteExecutor.java:169)
	at com.kms.katalon.core.main.TestSuiteExecutor.accessTestSuiteMainPhase(TestSuiteExecutor.java:142)
	at com.kms.katalon.core.main.TestSuiteExecutor.execute(TestSuiteExecutor.java:91)
	at com.kms.katalon.core.main.TestCaseMain.startTestSuite(TestCaseMain.java:157)
	at com.kms.katalon.core.main.TestCaseMain$startTestSuite$0.call(Unknown Source)
	at TempTestSuite1591370481169.run(TempTestSuite1591370481169.groovy:37)
Caused by: com.kms.katalon.core.webui.exception.WebElementNotFoundException: Web element with id: 'Object Repository/Page_ Town Square remane - eligendi Mattermost/span_Save' located by 'By.xpath: //button[@id='editButton']/span' not found
	at com.kms.katalon.core.webui.common.WebUiCommonHelper.findWebElement(WebUiCommonHelper.java:1154)
	at com.kms.katalon.core.webui.keyword.internal.WebUIAbstractKeyword.findWebElement(WebUIAbstractKeyword.groovy:27)
	at com.kms.katalon.core.webui.keyword.internal.WebUIAbstractKeyword.findWebElement(WebUIAbstractKeyword.groovy:26)
	at com.kms.katalon.core.webui.keyword.builtin.ClickKeyword$_click_closure1.doCall(ClickKeyword.groovy:67)
	at com.kms.katalon.core.webui.keyword.builtin.ClickKeyword$_click_closure1.call(ClickKeyword.groovy)
	at com.kms.katalon.core.webui.keyword.internal.WebUIKeywordMain.runKeyword(WebUIKeywordMain.groovy:20)
	... 19 more


2020-06-05 22:25:11 - [TEST_STEP][PASSED] - openBrowser(""): Browser is opened with url: ''

2020-06-05 22:25:11 - [MESSAGE][INFO] - Starting 'Chrome' driver

2020-06-05 22:25:11 - [MESSAGE][INFO] - Action delay is set to 0 milliseconds

2020-06-05 22:25:13 - [MESSAGE][PASSED] - Browser is opened with url: ''

2020-06-05 22:25:13 - [TEST_STEP][PASSED] - navigateToUrl("http://localhost:8065/"): Navigate to 'http://localhost:8065/' successfully

2020-06-05 22:25:14 - [MESSAGE][PASSED] - Navigate to 'http://localhost:8065/' successfully

2020-06-05 22:25:14 - [TEST_STEP][PASSED] - setText(findTestObject("Page_Mattermost/input_All team communication in one place s_703ef5"), "sysadmin"): Text 'sysadmin' is set on object 'Object Repository/Page_Mattermost/input_All team communication in one place s_703ef5'

2020-06-05 22:25:16 - [MESSAGE][PASSED] - Text 'sysadmin' is set on object 'Object Repository/Page_Mattermost/input_All team communication in one place s_703ef5'

2020-06-05 22:25:16 - [TEST_STEP][PASSED] - setEncryptedText(findTestObject("Page_Mattermost/input_All team communication in one place s_2f2733"), "2SwE/drL9BoSDSAWnt1s8EiQe9rbSfQc"): Text ****** has been set on object 'Object Repository/Page_Mattermost/input_All team communication in one place s_2f2733'

2020-06-05 22:25:17 - [MESSAGE][PASSED] - Text ****** has been set on object 'Object Repository/Page_Mattermost/input_All team communication in one place s_2f2733'

2020-06-05 22:25:17 - [TEST_STEP][PASSED] - click(findTestObject("Page_Mattermost/span_Sign in")): Object: 'Object Repository/Page_Mattermost/span_Sign in' is clicked on

2020-06-05 22:25:18 - [MESSAGE][PASSED] - Object: 'Object Repository/Page_Mattermost/span_Sign in' is clicked on

2020-06-05 22:25:18 - [TEST_STEP][PASSED] - click(findTestObject("Page_ Town Square remane - eligendi Mattermost/span_Town Square remane_channelHeaderDropdownIcon")): Object: 'Object Repository/Page_ Town Square remane - eligendi Mattermost/span_Town Square remane_channelHeaderDropdownIcon' is clicked on

2020-06-05 22:25:20 - [MESSAGE][PASSED] - Object: 'Object Repository/Page_ Town Square remane - eligendi Mattermost/span_Town Square remane_channelHeaderDropdownIcon' is clicked on

2020-06-05 22:25:20 - [TEST_STEP][PASSED] - click(findTestObject("Object Repository/Page_ Town Square remane - eligendi Mattermost/span_Edit Channel Purpose")): Object: 'Object Repository/Page_ Town Square remane - eligendi Mattermost/span_Edit Channel Purpose' is clicked on

2020-06-05 22:25:21 - [MESSAGE][PASSED] - Object: 'Object Repository/Page_ Town Square remane - eligendi Mattermost/span_Edit Channel Purpose' is clicked on

2020-06-05 22:25:21 - [TEST_STEP][PASSED] - setText(findTestObject("Object Repository/Page_ Town Square remane - eligendi Mattermost/textarea_Town Square remane_form-control no-resize"), "this is purpose of channel"): Text 'this is purpose of channel' is set on object 'Object Repository/Page_ Town Square remane - eligendi Mattermost/textarea_Town Square remane_form-control no-resize'

2020-06-05 22:25:22 - [MESSAGE][PASSED] - Text 'this is purpose of channel' is set on object 'Object Repository/Page_ Town Square remane - eligendi Mattermost/textarea_Town Square remane_form-control no-resize'

2020-06-05 22:25:22 - [TEST_STEP][FAILED] - click(findTestObject("Object Repository/Page_ Town Square remane - eligendi Mattermost/span_Save")): Unable to click on object 'Object Repository/Page_ Town Square remane - eligendi Mattermost/span_Save' (Root cause: com.kms.katalon.core.exception.StepFailedException: Unable to click on object 'Object Repository/Page_ Town Square remane - eligendi Mattermost/span_Save'
	at com.kms.katalon.core.webui.keyword.internal.WebUIKeywordMain.stepFailed(WebUIKeywordMain.groovy:64)
	at com.kms.katalon.core.webui.keyword.internal.WebUIKeywordMain.runKeyword(WebUIKeywordMain.groovy:26)
	at com.kms.katalon.core.webui.keyword.builtin.ClickKeyword.click(ClickKeyword.groovy:76)
	at com.kms.katalon.core.webui.keyword.builtin.ClickKeyword.execute(ClickKeyword.groovy:43)
	at com.kms.katalon.core.keyword.internal.KeywordExecutor.executeKeywordForPlatform(KeywordExecutor.groovy:72)
	at com.kms.katalon.core.webui.keyword.WebUiBuiltInKeywords.click(WebUiBuiltInKeywords.groovy:616)
	at com.kms.katalon.core.webui.keyword.WebUiBuiltInKeywords$click$3.call(Unknown Source)
	at edit channel purpose.run(edit channel purpose:36)
	at com.kms.katalon.core.main.ScriptEngine.run(ScriptEngine.java:194)
	at com.kms.katalon.core.main.ScriptEngine.runScriptAsRawText(ScriptEngine.java:119)
	at com.kms.katalon.core.main.TestCaseExecutor.runScript(TestCaseExecutor.java:337)
	at com.kms.katalon.core.main.TestCaseExecutor.doExecute(TestCaseExecutor.java:328)
	at com.kms.katalon.core.main.TestCaseExecutor.processExecutionPhase(TestCaseExecutor.java:307)
	at com.kms.katalon.core.main.TestCaseExecutor.accessMainPhase(TestCaseExecutor.java:299)
	at com.kms.katalon.core.main.TestCaseExecutor.execute(TestCaseExecutor.java:233)
	at com.kms.katalon.core.main.TestSuiteExecutor.accessTestCaseMainPhase(TestSuiteExecutor.java:169)
	at com.kms.katalon.core.main.TestSuiteExecutor.accessTestSuiteMainPhase(TestSuiteExecutor.java:142)
	at com.kms.katalon.core.main.TestSuiteExecutor.execute(TestSuiteExecutor.java:91)
	at com.kms.katalon.core.main.TestCaseMain.startTestSuite(TestCaseMain.java:157)
	at com.kms.katalon.core.main.TestCaseMain$startTestSuite$0.call(Unknown Source)
	at TempTestSuite1591370481169.run(TempTestSuite1591370481169.groovy:37)
Caused by: com.kms.katalon.core.webui.exception.WebElementNotFoundException: Web element with id: 'Object Repository/Page_ Town Square remane - eligendi Mattermost/span_Save' located by 'By.xpath: //button[@id='editButton']/span' not found
	at com.kms.katalon.core.webui.common.WebUiCommonHelper.findWebElement(WebUiCommonHelper.java:1154)
	at com.kms.katalon.core.webui.keyword.internal.WebUIAbstractKeyword.findWebElement(WebUIAbstractKeyword.groovy:27)
	at com.kms.katalon.core.webui.keyword.internal.WebUIAbstractKeyword.findWebElement(WebUIAbstractKeyword.groovy:26)
	at com.kms.katalon.core.webui.keyword.builtin.ClickKeyword$_click_closure1.doCall(ClickKeyword.groovy:67)
	at com.kms.katalon.core.webui.keyword.builtin.ClickKeyword$_click_closure1.call(ClickKeyword.groovy)
	at com.kms.katalon.core.webui.keyword.internal.WebUIKeywordMain.runKeyword(WebUIKeywordMain.groovy:20)
	at com.kms.katalon.core.webui.keyword.builtin.ClickKeyword.click(ClickKeyword.groovy:76)
	at com.kms.katalon.core.webui.keyword.builtin.ClickKeyword.execute(ClickKeyword.groovy:43)
	at com.kms.katalon.core.keyword.internal.KeywordExecutor.executeKeywordForPlatform(KeywordExecutor.groovy:72)
	at com.kms.katalon.core.webui.keyword.WebUiBuiltInKeywords.click(WebUiBuiltInKeywords.groovy:616)
	at com.kms.katalon.core.webui.keyword.WebUiBuiltInKeywords$click$3.call(Unknown Source)
	at Script1591328256282.run(Script1591328256282.groovy:36)
	... 13 more
)

2020-06-05 22:26:11 - [MESSAGE][INFO] - Unable to find the element located by 'By.xpath: //button[@id='editButton']/span'. Please recheck the objects properties to make sure the desired element is located. 

2020-06-05 22:26:12 - [MESSAGE][FAILED] - Unable to click on object 'Object Repository/Page_ Town Square remane - eligendi Mattermost/span_Save' (Root cause: com.kms.katalon.core.exception.StepFailedException: Unable to click on object 'Object Repository/Page_ Town Square remane - eligendi Mattermost/span_Save'
	at com.kms.katalon.core.webui.keyword.internal.WebUIKeywordMain.stepFailed(WebUIKeywordMain.groovy:64)
	at com.kms.katalon.core.webui.keyword.internal.WebUIKeywordMain.runKeyword(WebUIKeywordMain.groovy:26)
	at com.kms.katalon.core.webui.keyword.builtin.ClickKeyword.click(ClickKeyword.groovy:76)
	at com.kms.katalon.core.webui.keyword.builtin.ClickKeyword.execute(ClickKeyword.groovy:43)
	at com.kms.katalon.core.keyword.internal.KeywordExecutor.executeKeywordForPlatform(KeywordExecutor.groovy:72)
	at com.kms.katalon.core.webui.keyword.WebUiBuiltInKeywords.click(WebUiBuiltInKeywords.groovy:616)
	at com.kms.katalon.core.webui.keyword.WebUiBuiltInKeywords$click$3.call(Unknown Source)
	at edit channel purpose.run(edit channel purpose:36)
	at com.kms.katalon.core.main.ScriptEngine.run(ScriptEngine.java:194)
	at com.kms.katalon.core.main.ScriptEngine.runScriptAsRawText(ScriptEngine.java:119)
	at com.kms.katalon.core.main.TestCaseExecutor.runScript(TestCaseExecutor.java:337)
	at com.kms.katalon.core.main.TestCaseExecutor.doExecute(TestCaseExecutor.java:328)
	at com.kms.katalon.core.main.TestCaseExecutor.processExecutionPhase(TestCaseExecutor.java:307)
	at com.kms.katalon.core.main.TestCaseExecutor.accessMainPhase(TestCaseExecutor.java:299)
	at com.kms.katalon.core.main.TestCaseExecutor.execute(TestCaseExecutor.java:233)
	at com.kms.katalon.core.main.TestSuiteExecutor.accessTestCaseMainPhase(TestSuiteExecutor.java:169)
	at com.kms.katalon.core.main.TestSuiteExecutor.accessTestSuiteMainPhase(TestSuiteExecutor.java:142)
	at com.kms.katalon.core.main.TestSuiteExecutor.execute(TestSuiteExecutor.java:91)
	at com.kms.katalon.core.main.TestCaseMain.startTestSuite(TestCaseMain.java:157)
	at com.kms.katalon.core.main.TestCaseMain$startTestSuite$0.call(Unknown Source)
	at TempTestSuite1591370481169.run(TempTestSuite1591370481169.groovy:37)
Caused by: com.kms.katalon.core.webui.exception.WebElementNotFoundException: Web element with id: 'Object Repository/Page_ Town Square remane - eligendi Mattermost/span_Save' located by 'By.xpath: //button[@id='editButton']/span' not found
	at com.kms.katalon.core.webui.common.WebUiCommonHelper.findWebElement(WebUiCommonHelper.java:1154)
	at com.kms.katalon.core.webui.keyword.internal.WebUIAbstractKeyword.findWebElement(WebUIAbstractKeyword.groovy:27)
	at com.kms.katalon.core.webui.keyword.internal.WebUIAbstractKeyword.findWebElement(WebUIAbstractKeyword.groovy:26)
	at com.kms.katalon.core.webui.keyword.builtin.ClickKeyword$_click_closure1.doCall(ClickKeyword.groovy:67)
	at com.kms.katalon.core.webui.keyword.builtin.ClickKeyword$_click_closure1.call(ClickKeyword.groovy)
	at com.kms.katalon.core.webui.keyword.internal.WebUIKeywordMain.runKeyword(WebUIKeywordMain.groovy:20)
	at com.kms.katalon.core.webui.keyword.builtin.ClickKeyword.click(ClickKeyword.groovy:76)
	at com.kms.katalon.core.webui.keyword.builtin.ClickKeyword.execute(ClickKeyword.groovy:43)
	at com.kms.katalon.core.keyword.internal.KeywordExecutor.executeKeywordForPlatform(KeywordExecutor.groovy:72)
	at com.kms.katalon.core.webui.keyword.WebUiBuiltInKeywords.click(WebUiBuiltInKeywords.groovy:616)
	at com.kms.katalon.core.webui.keyword.WebUiBuiltInKeywords$click$3.call(Unknown Source)
	at Script1591328256282.run(Script1591328256282.groovy:36)
	... 13 more
)
[[ATTACHMENT|/Users/tuyenle/git/HW2-CDNC-CNPM/Reports/20200605_222106/Run all test cases/20200605_222106/1591370771282.png]]]]></system-out>
         <system-err><![CDATA[2020-06-05 22:25:11 - [TEST_CASE][FAILED] - Test Cases/edit channel purpose: Test Cases/edit channel purpose FAILED.
Reason:
com.kms.katalon.core.exception.StepFailedException: Unable to click on object 'Object Repository/Page_ Town Square remane - eligendi Mattermost/span_Save'
	at com.kms.katalon.core.webui.keyword.internal.WebUIKeywordMain.stepFailed(WebUIKeywordMain.groovy:64)
	at com.kms.katalon.core.webui.keyword.internal.WebUIKeywordMain.runKeyword(WebUIKeywordMain.groovy:26)
	at com.kms.katalon.core.webui.keyword.builtin.ClickKeyword.click(ClickKeyword.groovy:76)
	at com.kms.katalon.core.webui.keyword.builtin.ClickKeyword.execute(ClickKeyword.groovy:43)
	at com.kms.katalon.core.keyword.internal.KeywordExecutor.executeKeywordForPlatform(KeywordExecutor.groovy:72)
	at com.kms.katalon.core.webui.keyword.WebUiBuiltInKeywords.click(WebUiBuiltInKeywords.groovy:616)
	at com.kms.katalon.core.webui.keyword.WebUiBuiltInKeywords$click$3.call(Unknown Source)
	at edit channel purpose.run(edit channel purpose:36)
	at com.kms.katalon.core.main.ScriptEngine.run(ScriptEngine.java:194)
	at com.kms.katalon.core.main.ScriptEngine.runScriptAsRawText(ScriptEngine.java:119)
	at com.kms.katalon.core.main.TestCaseExecutor.runScript(TestCaseExecutor.java:337)
	at com.kms.katalon.core.main.TestCaseExecutor.doExecute(TestCaseExecutor.java:328)
	at com.kms.katalon.core.main.TestCaseExecutor.processExecutionPhase(TestCaseExecutor.java:307)
	at com.kms.katalon.core.main.TestCaseExecutor.accessMainPhase(TestCaseExecutor.java:299)
	at com.kms.katalon.core.main.TestCaseExecutor.execute(TestCaseExecutor.java:233)
	at com.kms.katalon.core.main.TestSuiteExecutor.accessTestCaseMainPhase(TestSuiteExecutor.java:169)
	at com.kms.katalon.core.main.TestSuiteExecutor.accessTestSuiteMainPhase(TestSuiteExecutor.java:142)
	at com.kms.katalon.core.main.TestSuiteExecutor.execute(TestSuiteExecutor.java:91)
	at com.kms.katalon.core.main.TestCaseMain.startTestSuite(TestCaseMain.java:157)
	at com.kms.katalon.core.main.TestCaseMain$startTestSuite$0.call(Unknown Source)
	at TempTestSuite1591370481169.run(TempTestSuite1591370481169.groovy:37)
Caused by: com.kms.katalon.core.webui.exception.WebElementNotFoundException: Web element with id: 'Object Repository/Page_ Town Square remane - eligendi Mattermost/span_Save' located by 'By.xpath: //button[@id='editButton']/span' not found
	at com.kms.katalon.core.webui.common.WebUiCommonHelper.findWebElement(WebUiCommonHelper.java:1154)
	at com.kms.katalon.core.webui.keyword.internal.WebUIAbstractKeyword.findWebElement(WebUIAbstractKeyword.groovy:27)
	at com.kms.katalon.core.webui.keyword.internal.WebUIAbstractKeyword.findWebElement(WebUIAbstractKeyword.groovy:26)
	at com.kms.katalon.core.webui.keyword.builtin.ClickKeyword$_click_closure1.doCall(ClickKeyword.groovy:67)
	at com.kms.katalon.core.webui.keyword.builtin.ClickKeyword$_click_closure1.call(ClickKeyword.groovy)
	at com.kms.katalon.core.webui.keyword.internal.WebUIKeywordMain.runKeyword(WebUIKeywordMain.groovy:20)
	... 19 more]]></system-err>
      </testcase>
      <testcase name="Test Cases/view recent mentions" time="13.6" classname="Test Cases/view recent mentions" status="PASSED">
         <system-out><![CDATA[2020-06-05 22:26:12 - [TEST_CASE][PASSED] - Test Cases/view recent mentions: Test Cases/view recent mentions

2020-06-05 22:26:13 - [TEST_STEP][PASSED] - openBrowser(""): Browser is opened with url: ''

2020-06-05 22:26:13 - [MESSAGE][WARNING] - A browser is already opened. Closing browser and opening a new one

2020-06-05 22:26:13 - [MESSAGE][INFO] - Starting 'Chrome' driver

2020-06-05 22:26:13 - [MESSAGE][INFO] - Action delay is set to 0 milliseconds

2020-06-05 22:26:15 - [MESSAGE][PASSED] - Browser is opened with url: ''

[...]
	at com.kms.katalon.core.webui.keyword.internal.WebUIAbstractKeyword.findWebElement(WebUIAbstractKeyword.groovy:26)
	at com.kms.katalon.core.webui.keyword.builtin.ClickKeyword$_click_closure1.doCall(ClickKeyword.groovy:67)
	at com.kms.katalon.core.webui.keyword.builtin.ClickKeyword$_click_closure1.call(ClickKeyword.groovy)
	at com.kms.katalon.core.webui.keyword.internal.WebUIKeywordMain.runKeyword(WebUIKeywordMain.groovy:20)
	... 19 more


2020-06-05 22:30:19 - [TEST_STEP][PASSED] - openBrowser(""): Browser is opened with url: ''

2020-06-05 22:30:19 - [MESSAGE][INFO] - Starting 'Chrome' driver

2020-06-05 22:30:19 - [MESSAGE][INFO] - Action delay is set to 0 milliseconds

2020-06-05 22:30:21 - [MESSAGE][PASSED] - Browser is opened with url: ''

2020-06-05 22:30:21 - [TEST_STEP][PASSED] - navigateToUrl("http://localhost:8065/"): Navigate to 'http://localhost:8065/' successfully

2020-06-05 22:30:23 - [MESSAGE][PASSED] - Navigate to 'http://localhost:8065/' successfully

2020-06-05 22:30:23 - [TEST_STEP][PASSED] - setText(findTestObject("Page_Mattermost/input_All team communication in one place s_703ef5"), "sysadmin"): Text 'sysadmin' is set on object 'Object Repository/Page_Mattermost/input_All team communication in one place s_703ef5'

2020-06-05 22:30:26 - [MESSAGE][PASSED] - Text 'sysadmin' is set on object 'Object Repository/Page_Mattermost/input_All team communication in one place s_703ef5'

2020-06-05 22:30:26 - [TEST_STEP][PASSED] - setEncryptedText(findTestObject("Object Repository/Page_Mattermost/input_Please enter your password_password"), "2SwE/drL9BoSDSAWnt1s8EiQe9rbSfQc"): Text ****** has been set on object 'Object Repository/Page_Mattermost/input_Please enter your password_password'

2020-06-05 22:30:27 - [MESSAGE][PASSED] - Text ****** has been set on object 'Object Repository/Page_Mattermost/input_Please enter your password_password'

2020-06-05 22:30:27 - [TEST_STEP][PASSED] - sendKeys(findTestObject("Object Repository/Page_Mattermost/input_Please enter your password_password"), Keys.chord(ENTER)): Keys 'ENTER + ' sent to object: 'Object Repository/Page_Mattermost/input_Please enter your password_password'

2020-06-05 22:30:28 - [MESSAGE][PASSED] - Keys 'ENTER + ' sent to object: 'Object Repository/Page_Mattermost/input_Please enter your password_password'

2020-06-05 22:30:28 - [TEST_STEP][PASSED] - click(findTestObject("Object Repository/Page_ Town Square remane - eligendi Mattermost/button_Messages with phrases_channelHeaderF_738e88")): Object: 'Object Repository/Page_ Town Square remane - eligendi Mattermost/button_Messages with phrases_channelHeaderF_738e88' is clicked on

2020-06-05 22:30:31 - [MESSAGE][PASSED] - Object: 'Object Repository/Page_ Town Square remane - eligendi Mattermost/button_Messages with phrases_channelHeaderF_738e88' is clicked on

2020-06-05 22:30:31 - [TEST_STEP][PASSED] - click(findTestObject("Object Repository/Page_ Town Square remane - eligendi Mattermost/span_Jump")): Object: 'Object Repository/Page_ Town Square remane - eligendi Mattermost/span_Jump' is clicked on

2020-06-05 22:30:33 - [MESSAGE][PASSED] - Object: 'Object Repository/Page_ Town Square remane - eligendi Mattermost/span_Jump' is clicked on

2020-06-05 22:30:33 - [TEST_STEP][FAILED] - click(findTestObject("Object Repository/Page_ sint - eligendi Mattermost/path")): Unable to click on object 'Object Repository/Page_ sint - eligendi Mattermost/path' (Root cause: com.kms.katalon.core.exception.StepFailedException: Unable to click on object 'Object Repository/Page_ sint - eligendi Mattermost/path'
	at com.kms.katalon.core.webui.keyword.internal.WebUIKeywordMain.stepFailed(WebUIKeywordMain.groovy:64)
	at com.kms.katalon.core.webui.keyword.internal.WebUIKeywordMain.runKeyword(WebUIKeywordMain.groovy:26)
	at com.kms.katalon.core.webui.keyword.builtin.ClickKeyword.click(ClickKeyword.groovy:76)
	at com.kms.katalon.core.webui.keyword.builtin.ClickKeyword.execute(ClickKeyword.groovy:43)
	at com.kms.katalon.core.keyword.internal.KeywordExecutor.executeKeywordForPlatform(KeywordExecutor.groovy:72)
	at com.kms.katalon.core.webui.keyword.WebUiBuiltInKeywords.click(WebUiBuiltInKeywords.groovy:616)
	at com.kms.katalon.core.webui.keyword.WebUiBuiltInKeywords$click$3.call(Unknown Source)
	at view and jump to flagged post.run(view and jump to flagged post:34)
	at com.kms.katalon.core.main.ScriptEngine.run(ScriptEngine.java:194)
	at com.kms.katalon.core.main.ScriptEngine.runScriptAsRawText(ScriptEngine.java:119)
	at com.kms.katalon.core.main.TestCaseExecutor.runScript(TestCaseExecutor.java:337)
	at com.kms.katalon.core.main.TestCaseExecutor.doExecute(TestCaseExecutor.java:328)
	at com.kms.katalon.core.main.TestCaseExecutor.processExecutionPhase(TestCaseExecutor.java:307)
	at com.kms.katalon.core.main.TestCaseExecutor.accessMainPhase(TestCaseExecutor.java:299)
	at com.kms.katalon.core.main.TestCaseExecutor.execute(TestCaseExecutor.java:233)
	at com.kms.katalon.core.main.TestSuiteExecutor.accessTestCaseMainPhase(TestSuiteExecutor.java:169)
	at com.kms.katalon.core.main.TestSuiteExecutor.accessTestSuiteMainPhase(TestSuiteExecutor.java:142)
	at com.kms.katalon.core.main.TestSuiteExecutor.execute(TestSuiteExecutor.java:91)
	at com.kms.katalon.core.main.TestCaseMain.startTestSuite(TestCaseMain.java:157)
	at com.kms.katalon.core.main.TestCaseMain$startTestSuite$0.call(Unknown Source)
	at TempTestSuite1591370481169.run(TempTestSuite1591370481169.groovy:37)
Caused by: com.kms.katalon.core.webui.exception.WebElementNotFoundException: Web element with id: 'Object Repository/Page_ sint - eligendi Mattermost/path' located by 'By.xpath: ' not found
	at com.kms.katalon.core.webui.common.WebUiCommonHelper.findWebElement(WebUiCommonHelper.java:1154)
	at com.kms.katalon.core.webui.keyword.internal.WebUIAbstractKeyword.findWebElement(WebUIAbstractKeyword.groovy:27)
	at com.kms.katalon.core.webui.keyword.internal.WebUIAbstractKeyword.findWebElement(WebUIAbstractKeyword.groovy:26)
	at com.kms.katalon.core.webui.keyword.builtin.ClickKeyword$_click_closure1.doCall(ClickKeyword.groovy:67)
	at com.kms.katalon.core.webui.keyword.builtin.ClickKeyword$_click_closure1.call(ClickKeyword.groovy)
	at com.kms.katalon.core.webui.keyword.internal.WebUIKeywordMain.runKeyword(WebUIKeywordMain.groovy:20)
	at com.kms.katalon.core.webui.keyword.builtin.ClickKeyword.click(ClickKeyword.groovy:76)
	at com.kms.katalon.core.webui.keyword.builtin.ClickKeyword.execute(ClickKeyword.groovy:43)
	at com.kms.katalon.core.keyword.internal.KeywordExecutor.executeKeywordForPlatform(KeywordExecutor.groovy:72)
	at com.kms.katalon.core.webui.keyword.WebUiBuiltInKeywords.click(WebUiBuiltInKeywords.groovy:616)
	at com.kms.katalon.core.webui.keyword.WebUiBuiltInKeywords$click$3.call(Unknown Source)
	at Script1591346572624.run(Script1591346572624.groovy:34)
	... 13 more
)

2020-06-05 22:31:20 - [MESSAGE][INFO] - Unable to find the element located by 'By.xpath: '. Please recheck the objects properties to make sure the desired element is located. 

2020-06-05 22:31:21 - [MESSAGE][FAILED] - Unable to click on object 'Object Repository/Page_ sint - eligendi Mattermost/path' (Root cause: com.kms.katalon.core.exception.StepFailedException: Unable to click on object 'Object Repository/Page_ sint - eligendi Mattermost/path'
	at com.kms.katalon.core.webui.keyword.internal.WebUIKeywordMain.stepFailed(WebUIKeywordMain.groovy:64)
	at com.kms.katalon.core.webui.keyword.internal.WebUIKeywordMain.runKeyword(WebUIKeywordMain.groovy:26)
	at com.kms.katalon.core.webui.keyword.builtin.ClickKeyword.click(ClickKeyword.groovy:76)
	at com.kms.katalon.core.webui.keyword.builtin.ClickKeyword.execute(ClickKeyword.groovy:43)
	at com.kms.katalon.core.keyword.internal.KeywordExecutor.executeKeywordForPlatform(KeywordExecutor.groovy:72)
	at com.kms.katalon.core.webui.keyword.WebUiBuiltInKeywords.click(WebUiBuiltInKeywords.groovy:616)
	at com.kms.katalon.core.webui.keyword.WebUiBuiltInKeywords$click$3.call(Unknown Source)
	at view and jump to flagged post.run(view and jump to flagged post:34)
	at com.kms.katalon.core.main.ScriptEngine.run(ScriptEngine.java:194)
	at com.kms.katalon.core.main.ScriptEngine.runScriptAsRawText(ScriptEngine.java:119)
	at com.kms.katalon.core.main.TestCaseExecutor.runScript(TestCaseExecutor.java:337)
	at com.kms.katalon.core.main.TestCaseExecutor.doExecute(TestCaseExecutor.java:328)
	at com.kms.katalon.core.main.TestCaseExecutor.processExecutionPhase(TestCaseExecutor.java:307)
	at com.kms.katalon.core.main.TestCaseExecutor.accessMainPhase(TestCaseExecutor.java:299)
	at com.kms.katalon.core.main.TestCaseExecutor.execute(TestCaseExecutor.java:233)
	at com.kms.katalon.core.main.TestSuiteExecutor.accessTestCaseMainPhase(TestSuiteExecutor.java:169)
	at com.kms.katalon.core.main.TestSuiteExecutor.accessTestSuiteMainPhase(TestSuiteExecutor.java:142)
	at com.kms.katalon.core.main.TestSuiteExecutor.execute(TestSuiteExecutor.java:91)
	at com.kms.katalon.core.main.TestCaseMain.startTestSuite(TestCaseMain.java:157)
	at com.kms.katalon.core.main.TestCaseMain$startTestSuite$0.call(Unknown Source)
	at TempTestSuite1591370481169.run(TempTestSuite1591370481169.groovy:37)
Caused by: com.kms.katalon.core.webui.exception.WebElementNotFoundException: Web element with id: 'Object Repository/Page_ sint - eligendi Mattermost/path' located by 'By.xpath: ' not found
	at com.kms.katalon.core.webui.common.WebUiCommonHelper.findWebElement(WebUiCommonHelper.java:1154)
	at com.kms.katalon.core.webui.keyword.internal.WebUIAbstractKeyword.findWebElement(WebUIAbstractKeyword.groovy:27)
	at com.kms.katalon.core.webui.keyword.internal.WebUIAbstractKeyword.findWebElement(WebUIAbstractKeyword.groovy:26)
	at com.kms.katalon.core.webui.keyword.builtin.ClickKeyword$_click_closure1.doCall(ClickKeyword.groovy:67)
	at com.kms.katalon.core.webui.keyword.builtin.ClickKeyword$_click_closure1.call(ClickKeyword.groovy)
	at com.kms.katalon.core.webui.keyword.internal.WebUIKeywordMain.runKeyword(WebUIKeywordMain.groovy:20)
	at com.kms.katalon.core.webui.keyword.builtin.ClickKeyword.click(ClickKeyword.groovy:76)
	at com.kms.katalon.core.webui.keyword.builtin.ClickKeyword.execute(ClickKeyword.groovy:43)
	at com.kms.katalon.core.keyword.internal.KeywordExecutor.executeKeywordForPlatform(KeywordExecutor.groovy:72)
	at com.kms.katalon.core.webui.keyword.WebUiBuiltInKeywords.click(WebUiBuiltInKeywords.groovy:616)
	at com.kms.katalon.core.webui.keyword.WebUiBuiltInKeywords$click$3.call(Unknown Source)
	at Script1591346572624.run(Script1591346572624.groovy:34)
	... 13 more
)
[[ATTACHMENT|/Users/tuyenle/git/HW2-CDNC-CNPM/Reports/20200605_222106/Run all test cases/20200605_222106/1591371080476.png]]]]></system-out>
         <system-err><![CDATA[2020-06-05 22:30:19 - [TEST_CASE][FAILED] - Test Cases/view and jump to flagged post: Test Cases/view and jump to flagged post FAILED.
Reason:
com.kms.katalon.core.exception.StepFailedException: Unable to click on object 'Object Repository/Page_ sint - eligendi Mattermost/path'
	at com.kms.katalon.core.webui.keyword.internal.WebUIKeywordMain.stepFailed(WebUIKeywordMain.groovy:64)
	at com.kms.katalon.core.webui.keyword.internal.WebUIKeywordMain.runKeyword(WebUIKeywordMain.groovy:26)
	at com.kms.katalon.core.webui.keyword.builtin.ClickKeyword.click(ClickKeyword.groovy:76)
	at com.kms.katalon.core.webui.keyword.builtin.ClickKeyword.execute(ClickKeyword.groovy:43)
	at com.kms.katalon.core.keyword.internal.KeywordExecutor.executeKeywordForPlatform(KeywordExecutor.groovy:72)
	at com.kms.katalon.core.webui.keyword.WebUiBuiltInKeywords.click(WebUiBuiltInKeywords.groovy:616)
	at com.kms.katalon.core.webui.keyword.WebUiBuiltInKeywords$click$3.call(Unknown Source)
	at view and jump to flagged post.run(view and jump to flagged post:34)
	at com.kms.katalon.core.main.ScriptEngine.run(ScriptEngine.java:194)
	at com.kms.katalon.core.main.ScriptEngine.runScriptAsRawText(ScriptEngine.java:119)
	at com.kms.katalon.core.main.TestCaseExecutor.runScript(TestCaseExecutor.java:337)
	at com.kms.katalon.core.main.TestCaseExecutor.doExecute(TestCaseExecutor.java:328)
	at com.kms.katalon.core.main.TestCaseExecutor.processExecutionPhase(TestCaseExecutor.java:307)
	at com.kms.katalon.core.main.TestCaseExecutor.accessMainPhase(TestCaseExecutor.java:299)
	at com.kms.katalon.core.main.TestCaseExecutor.execute(TestCaseExecutor.java:233)
	at com.kms.katalon.core.main.TestSuiteExecutor.accessTestCaseMainPhase(TestSuiteExecutor.java:169)
	at com.kms.katalon.core.main.TestSuiteExecutor.accessTestSuiteMainPhase(TestSuiteExecutor.java:142)
	at com.kms.katalon.core.main.TestSuiteExecutor.execute(TestSuiteExecutor.java:91)
	at com.kms.katalon.core.main.TestCaseMain.startTestSuite(TestCaseMain.java:157)
	at com.kms.katalon.core.main.TestCaseMain$startTestSuite$0.call(Unknown Source)
	at TempTestSuite1591370481169.run(TempTestSuite1591370481169.groovy:37)
Caused by: com.kms.katalon.core.webui.exception.WebElementNotFoundException: Web element with id: 'Object Repository/Page_ sint - eligendi Mattermost/path' located by 'By.xpath: ' not found
	at com.kms.katalon.core.webui.common.WebUiCommonHelper.findWebElement(WebUiCommonHelper.java:1154)
	at com.kms.katalon.core.webui.keyword.internal.WebUIAbstractKeyword.findWebElement(WebUIAbstractKeyword.groovy:27)
	at com.kms.katalon.core.webui.keyword.internal.WebUIAbstractKeyword.findWebElement(WebUIAbstractKeyword.groovy:26)
	at com.kms.katalon.core.webui.keyword.builtin.ClickKeyword$_click_closure1.doCall(ClickKeyword.groovy:67)
	at com.kms.katalon.core.webui.keyword.builtin.ClickKeyword$_click_closure1.call(ClickKeyword.groovy)
	at com.kms.katalon.core.webui.keyword.internal.WebUIKeywordMain.runKeyword(WebUIKeywordMain.groovy:20)
	... 19 more]]></system-err>
      </testcase>
      <system-out><![CDATA[2020-06-05 22:21:27 - [TEST_SUITE][FAILED] - Run all test cases: Test Cases/edit message FAILED.
Reason:
com.kms.katalon.core.exception.StepFailedException: Unable to click on object 'Object Repository/Page_ Town Square remane - eligendi Mattermost/span_sysadmin_icon icon--small'
	at com.kms.katalon.core.webui.keyword.internal.WebUIKeywordMain.stepFailed(WebUIKeywordMain.groovy:64)
	at com.kms.katalon.core.webui.keyword.internal.WebUIKeywordMain.runKeyword(WebUIKeywordMain.groovy:26)
	at com.kms.katalon.core.webui.keyword.builtin.ClickKeyword.click(ClickKeyword.groovy:76)
	at com.kms.katalon.core.webui.keyword.builtin.ClickKeyword.execute(ClickKeyword.groovy:43)
	at com.kms.katalon.core.keyword.internal.KeywordExecutor.executeKeywordForPlatform(KeywordExecutor.groovy:72)
	at com.kms.katalon.core.webui.keyword.WebUiBuiltInKeywords.click(WebUiBuiltInKeywords.groovy:616)
	at com.kms.katalon.core.webui.keyword.WebUiBuiltInKeywords$click$3.call(Unknown Source)
	at edit message.run(edit message:29)
	at com.kms.katalon.core.main.ScriptEngine.run(ScriptEngine.java:194)
	at com.kms.katalon.core.main.ScriptEngine.runScriptAsRawText(ScriptEngine.java:119)
	at com.kms.katalon.core.main.TestCaseExecutor.runScript(TestCaseExecutor.java:337)
	at com.kms.katalon.core.main.TestCaseExecutor.doExecute(TestCaseExecutor.java:328)
	at com.kms.katalon.core.main.TestCaseExecutor.processExecutionPhase(TestCaseExecutor.java:307)
	at com.kms.katalon.core.main.TestCaseExecutor.accessMainPhase(TestCaseExecutor.java:299)
	at com.kms.katalon.core.main.TestCaseExecutor.execute(TestCaseExecutor.java:233)
	at com.kms.katalon.core.main.TestSuiteExecutor.accessTestCaseMainPhase(TestSuiteExecutor.java:169)
	at com.kms.katalon.core.main.TestSuiteExecutor.accessTestSuiteMainPhase(TestSuiteExecutor.java:142)
	at com.kms.katalon.core.main.TestSuiteExecutor.execute(TestSuiteExecutor.java:91)
	at com.kms.katalon.core.main.TestCaseMain.startTestSuite(TestCaseMain.java:157)
	at com.kms.katalon.core.main.TestCaseMain$startTestSuite$0.call(Unknown Source)
	at TempTestSuite1591370481169.run(TempTestSuite1591370481169.groovy:37)
Caused by: com.kms.katalon.core.webui.exception.WebElementNotFoundException: Web element with id: 'Object Repository/Page_ Town Square remane - eligendi Mattermost/span_sysadmin_icon icon--small' located by 'By.xpath: //button[@id='CENTER_button_baxjegnar3fzi8j8a3ugqzn68e']/span' not found
	at com.kms.katalon.core.webui.common.WebUiCommonHelper.findWebElement(WebUiCommonHelper.java:1154)
	at com.kms.katalon.core.webui.keyword.internal.WebUIAbstractKeyword.findWebElement(WebUIAbstractKeyword.groovy:27)
	at com.kms.katalon.core.webui.keyword.internal.WebUIAbstractKeyword.findWebElement(WebUIAbstractKeyword.groovy:26)
	at com.kms.katalon.core.webui.keyword.builtin.ClickKeyword$_click_closure1.doCall(ClickKeyword.groovy:67)
	at com.kms.katalon.core.webui.keyword.builtin.ClickKeyword$_click_closure1.call(ClickKeyword.groovy)
	at com.kms.katalon.core.webui.keyword.internal.WebUIKeywordMain.runKeyword(WebUIKeywordMain.groovy:20)
	... 19 more]]></system-out>
      <system-err><![CDATA[2020-06-05 22:21:27 - [TEST_SUITE][FAILED] - Run all test cases: Test Cases/edit message FAILED.
Reason:
com.kms.katalon.core.exception.StepFailedException: Unable to click on object 'Object Repository/Page_ Town Square remane - eligendi Mattermost/span_sysadmin_icon icon--small'
	at com.kms.katalon.core.webui.keyword.internal.WebUIKeywordMain.stepFailed(WebUIKeywordMain.groovy:64)
	at com.kms.katalon.core.webui.keyword.internal.WebUIKeywordMain.runKeyword(WebUIKeywordMain.groovy:26)
	at com.kms.katalon.core.webui.keyword.builtin.ClickKeyword.click(ClickKeyword.groovy:76)
	at com.kms.katalon.core.webui.keyword.builtin.ClickKeyword.execute(ClickKeyword.groovy:43)
	at com.kms.katalon.core.keyword.internal.KeywordExecutor.executeKeywordForPlatform(KeywordExecutor.groovy:72)
	at com.kms.katalon.core.webui.keyword.WebUiBuiltInKeywords.click(WebUiBuiltInKeywords.groovy:616)
	at com.kms.katalon.core.webui.keyword.WebUiBuiltInKeywords$click$3.call(Unknown Source)
	at edit message.run(edit message:29)
	at com.kms.katalon.core.main.ScriptEngine.run(ScriptEngine.java:194)
	at com.kms.katalon.core.main.ScriptEngine.runScriptAsRawText(ScriptEngine.java:119)
	at com.kms.katalon.core.main.TestCaseExecutor.runScript(TestCaseExecutor.java:337)
	at com.kms.katalon.core.main.TestCaseExecutor.doExecute(TestCaseExecutor.java:328)
	at com.kms.katalon.core.main.TestCaseExecutor.processExecutionPhase(TestCaseExecutor.java:307)
	at com.kms.katalon.core.main.TestCaseExecutor.accessMainPhase(TestCaseExecutor.java:299)
	at com.kms.katalon.core.main.TestCaseExecutor.execute(TestCaseExecutor.java:233)
	at com.kms.katalon.core.main.TestSuiteExecutor.accessTestCaseMainPhase(TestSuiteExecutor.java:169)
	at com.kms.katalon.core.main.TestSuiteExecutor.accessTestSuiteMainPhase(TestSuiteExecutor.java:142)
	at com.kms.katalon.core.main.TestSuiteExecutor.execute(TestSuiteExecutor.java:91)
	at com.kms.katalon.core.main.TestCaseMain.startTestSuite(TestCaseMain.java:157)
	at com.kms.katalon.core.main.TestCaseMain$startTestSuite$0.call(Unknown Source)
	at TempTestSuite1591370481169.run(TempTestSuite1591370481169.groovy:37)
Caused by: com.kms.katalon.core.webui.exception.WebElementNotFoundException: Web element with id: 'Object Repository/Page_ Town Square remane - eligendi Mattermost/span_sysadmin_icon icon--small' located by 'By.xpath: //button[@id='CENTER_button_baxjegnar3fzi8j8a3ugqzn68e']/span' not found
	at com.kms.katalon.core.webui.common.WebUiCommonHelper.findWebElement(WebUiCommonHelper.java:1154)
	at com.kms.katalon.core.webui.keyword.internal.WebUIAbstractKeyword.findWebElement(WebUIAbstractKeyword.groovy:27)
	at com.kms.katalon.core.webui.keyword.internal.WebUIAbstractKeyword.findWebElement(WebUIAbstractKeyword.groovy:26)
	at com.kms.katalon.core.webui.keyword.builtin.ClickKeyword$_click_closure1.doCall(ClickKeyword.groovy:67)
	at com.kms.katalon.core.webui.keyword.builtin.ClickKeyword$_click_closure1.call(ClickKeyword.groovy)
	at com.kms.katalon.core.webui.keyword.internal.WebUIKeywordMain.runKeyword(WebUIKeywordMain.groovy:20)
	... 19 more]]></system-err>
   </testsuite>
</testsuites>
